{"total": {"lines":{"total":113123,"covered":22444,"skipped":0,"pct":19.84},"statements":{"total":120676,"covered":23482,"skipped":0,"pct":19.45},"functions":{"total":21663,"covered":3679,"skipped":0,"pct":16.98},"branches":{"total":104952,"covered":16530,"skipped":0,"pct":15.75},"branchesTrue":{"total":0,"covered":0,"skipped":0,"pct":100}}
,"/Users/test/VisualCodeProjects/video-app-frontend/src/App.jsx": {"lines":{"total":88,"covered":0,"skipped":0,"pct":0},"functions":{"total":15,"covered":0,"skipped":0,"pct":0},"statements":{"total":92,"covered":0,"skipped":0,"pct":0},"branches":{"total":43,"covered":0,"skipped":0,"pct":0}}
,"/Users/test/VisualCodeProjects/video-app-frontend/src/index.js": {"lines":{"total":23,"covered":0,"skipped":0,"pct":0},"functions":{"total":2,"covered":0,"skipped":0,"pct":0},"statements":{"total":23,"covered":0,"skipped":0,"pct":0},"branches":{"total":18,"covered":0,"skipped":0,"pct":0}}
,"/Users/test/VisualCodeProjects/video-app-frontend/src/components/KeyframeDebugPanel.jsx": {"lines":{"total":11,"covered":0,"skipped":0,"pct":0},"functions":{"total":3,"covered":0,"skipped":0,"pct":0},"statements":{"total":11,"covered":0,"skipped":0,"pct":0},"branches":{"total":9,"covered":0,"skipped":0,"pct":0}}
,"/Users/test/VisualCodeProjects/video-app-frontend/src/components/AIGenerationSettings/AIGenerationSettings.jsx": {"lines":{"total":16,"covered":1,"skipped":0,"pct":6.25},"functions":{"total":4,"covered":0,"skipped":0,"pct":0},"statements":{"total":19,"covered":1,"skipped":0,"pct":5.26},"branches":{"total":21,"covered":0,"skipped":0,"pct":0}}
,"/Users/test/VisualCodeProjects/video-app-frontend/src/components/AITools/AITools.jsx": {"lines":{"total":63,"covered":0,"skipped":0,"pct":0},"functions":{"total":9,"covered":0,"skipped":0,"pct":0},"statements":{"total":64,"covered":0,"skipped":0,"pct":0},"branches":{"total":48,"covered":0,"skipped":0,"pct":0}}
,"/Users/test/VisualCodeProjects/video-app-frontend/src/components/AccountSettings/AccountSettings.jsx": {"lines":{"total":60,"covered":0,"skipped":0,"pct":0},"functions":{"total":19,"covered":0,"skipped":0,"pct":0},"statements":{"total":62,"covered":0,"skipped":0,"pct":0},"branches":{"total":38,"covered":0,"skipped":0,"pct":0}}
,"/Users/test/VisualCodeProjects/video-app-frontend/src/components/AddEmotionsModal/AddEmotionsModal.jsx": {"lines":{"total":159,"covered":0,"skipped":0,"pct":0},"functions":{"total":40,"covered":0,"skipped":0,"pct":0},"statements":{"total":182,"covered":0,"skipped":0,"pct":0},"branches":{"total":137,"covered":0,"skipped":0,"pct":0}}
,"/Users/test/VisualCodeProjects/video-app-frontend/src/components/AddEmotionsModal/VoiceoverScriptEmotionHighlight.jsx": {"lines":{"total":23,"covered":0,"skipped":0,"pct":0},"functions":{"total":2,"covered":0,"skipped":0,"pct":0},"statements":{"total":24,"covered":0,"skipped":0,"pct":0},"branches":{"total":8,"covered":0,"skipped":0,"pct":0}}
,"/Users/test/VisualCodeProjects/video-app-frontend/src/components/AddEmotionsModal/emotionBracketUtils.js": {"lines":{"total":2,"covered":0,"skipped":0,"pct":0},"functions":{"total":1,"covered":0,"skipped":0,"pct":0},"statements":{"total":2,"covered":0,"skipped":0,"pct":0},"branches":{"total":4,"covered":0,"skipped":0,"pct":0}}
,"/Users/test/VisualCodeProjects/video-app-frontend/src/components/AddEmotionsModal/voiceEmotionAccentMap.js": {"lines":{"total":6,"covered":0,"skipped":0,"pct":0},"functions":{"total":1,"covered":0,"skipped":0,"pct":0},"statements":{"total":6,"covered":0,"skipped":0,"pct":0},"branches":{"total":2,"covered":0,"skipped":0,"pct":0}}
,"/Users/test/VisualCodeProjects/video-app-frontend/src/components/AddEmotionsModal/voiceEmotionGroups.js": {"lines":{"total":1,"covered":0,"skipped":0,"pct":0},"functions":{"total":0,"covered":0,"skipped":0,"pct":100},"statements":{"total":1,"covered":0,"skipped":0,"pct":0},"branches":{"total":0,"covered":0,"skipped":0,"pct":100}}
,"/Users/test/VisualCodeProjects/video-app-frontend/src/components/AdobePremiereProPanel/AdobePremiereProPanel.jsx": {"lines":{"total":15,"covered":0,"skipped":0,"pct":0},"functions":{"total":5,"covered":0,"skipped":0,"pct":0},"statements":{"total":16,"covered":0,"skipped":0,"pct":0},"branches":{"total":4,"covered":0,"skipped":0,"pct":0}}
,"/Users/test/VisualCodeProjects/video-app-frontend/src/components/AudioCutPopup/AudioCutPopup.jsx": {"lines":{"total":2139,"covered":0,"skipped":0,"pct":0},"functions":{"total":319,"covered":0,"skipped":0,"pct":0},"statements":{"total":2268,"covered":0,"skipped":0,"pct":0},"branches":{"total":2009,"covered":0,"skipped":0,"pct":0}}
,"/Users/test/VisualCodeProjects/video-app-frontend/src/components/AudioCutPopup/splitAudioHelpers.js": {"lines":{"total":80,"covered":0,"skipped":0,"pct":0},"functions":{"total":22,"covered":0,"skipped":0,"pct":0},"statements":{"total":90,"covered":0,"skipped":0,"pct":0},"branches":{"total":74,"covered":0,"skipped":0,"pct":0}}
,"/Users/test/VisualCodeProjects/video-app-frontend/src/components/AudioCutScrollbar/AudioCutScrollbar.jsx": {"lines":{"total":229,"covered":0,"skipped":0,"pct":0},"functions":{"total":33,"covered":0,"skipped":0,"pct":0},"statements":{"total":240,"covered":0,"skipped":0,"pct":0},"branches":{"total":150,"covered":0,"skipped":0,"pct":0}}
,"/Users/test/VisualCodeProjects/video-app-frontend/src/components/AudioGrid/AudioGrid.jsx": {"lines":{"total":897,"covered":0,"skipped":0,"pct":0},"functions":{"total":193,"covered":0,"skipped":0,"pct":0},"statements":{"total":958,"covered":0,"skipped":0,"pct":0},"branches":{"total":663,"covered":0,"skipped":0,"pct":0}}
,"/Users/test/VisualCodeProjects/video-app-frontend/src/components/AudioGrid/AudioWaveform.jsx": {"lines":{"total":151,"covered":0,"skipped":0,"pct":0},"functions":{"total":26,"covered":0,"skipped":0,"pct":0},"statements":{"total":159,"covered":0,"skipped":0,"pct":0},"branches":{"total":48,"covered":0,"skipped":0,"pct":0}}
,"/Users/test/VisualCodeProjects/video-app-frontend/src/components/AudioRegenerationModal/AudioRegenerationModal.jsx": {"lines":{"total":22,"covered":0,"skipped":0,"pct":0},"functions":{"total":7,"covered":0,"skipped":0,"pct":0},"statements":{"total":23,"covered":0,"skipped":0,"pct":0},"branches":{"total":22,"covered":0,"skipped":0,"pct":0}}
,"/Users/test/VisualCodeProjects/video-app-frontend/src/components/AudioRegenerationWarningModal/AudioRegenerationWarningModal.jsx": {"lines":{"total":22,"covered":0,"skipped":0,"pct":0},"functions":{"total":7,"covered":0,"skipped":0,"pct":0},"statements":{"total":23,"covered":0,"skipped":0,"pct":0},"branches":{"total":14,"covered":0,"skipped":0,"pct":0}}
,"/Users/test/VisualCodeProjects/video-app-frontend/src/components/AudioTrimUnsavedModal/AudioTrimUnsavedModal.jsx": {"lines":{"total":32,"covered":0,"skipped":0,"pct":0},"functions":{"total":11,"covered":0,"skipped":0,"pct":0},"statements":{"total":34,"covered":0,"skipped":0,"pct":0},"branches":{"total":16,"covered":0,"skipped":0,"pct":0}}
,"/Users/test/VisualCodeProjects/video-app-frontend/src/components/AudioUploadForVideo/AudioUploadForVideo.jsx": {"lines":{"total":82,"covered":0,"skipped":0,"pct":0},"functions":{"total":13,"covered":0,"skipped":0,"pct":0},"statements":{"total":86,"covered":0,"skipped":0,"pct":0},"branches":{"total":57,"covered":0,"skipped":0,"pct":0}}
,"/Users/test/VisualCodeProjects/video-app-frontend/src/components/AudioUploadForVideo/index.js": {"lines":{"total":0,"covered":0,"skipped":0,"pct":100},"functions":{"total":0,"covered":0,"skipped":0,"pct":100},"statements":{"total":0,"covered":0,"skipped":0,"pct":100},"branches":{"total":0,"covered":0,"skipped":0,"pct":100}}
,"/Users/test/VisualCodeProjects/video-app-frontend/src/components/AutoGenerationSection/AutoGenerationSection.jsx": {"lines":{"total":151,"covered":0,"skipped":0,"pct":0},"functions":{"total":36,"covered":0,"skipped":0,"pct":0},"statements":{"total":159,"covered":0,"skipped":0,"pct":0},"branches":{"total":169,"covered":0,"skipped":0,"pct":0}}
,"/Users/test/VisualCodeProjects/video-app-frontend/src/components/AutoGenerationSection/CreateIllustrationsTooltip.jsx": {"lines":{"total":29,"covered":4,"skipped":0,"pct":13.79},"functions":{"total":5,"covered":0,"skipped":0,"pct":0},"statements":{"total":30,"covered":4,"skipped":0,"pct":13.33},"branches":{"total":28,"covered":0,"skipped":0,"pct":0}}
,"/Users/test/VisualCodeProjects/video-app-frontend/src/components/AutoGenerationSection/icons/CharacterConsistency.jsx": {"lines":{"total":2,"covered":1,"skipped":0,"pct":50},"functions":{"total":1,"covered":0,"skipped":0,"pct":0},"statements":{"total":2,"covered":1,"skipped":0,"pct":50},"branches":{"total":0,"covered":0,"skipped":0,"pct":100}}
,"/Users/test/VisualCodeProjects/video-app-frontend/src/components/AutoGenerationSection/icons/Checkbox.jsx": {"lines":{"total":2,"covered":1,"skipped":0,"pct":50},"functions":{"total":1,"covered":0,"skipped":0,"pct":0},"statements":{"total":2,"covered":1,"skipped":0,"pct":50},"branches":{"total":2,"covered":0,"skipped":0,"pct":0}}
,"/Users/test/VisualCodeProjects/video-app-frontend/src/components/AutoGenerationSection/icons/Credits.jsx": {"lines":{"total":2,"covered":1,"skipped":0,"pct":50},"functions":{"total":1,"covered":0,"skipped":0,"pct":0},"statements":{"total":2,"covered":1,"skipped":0,"pct":50},"branches":{"total":0,"covered":0,"skipped":0,"pct":100}}
,"/Users/test/VisualCodeProjects/video-app-frontend/src/components/AutoGenerationSection/icons/SceneBreakdown.jsx": {"lines":{"total":2,"covered":1,"skipped":0,"pct":50},"functions":{"total":1,"covered":0,"skipped":0,"pct":0},"statements":{"total":2,"covered":1,"skipped":0,"pct":50},"branches":{"total":0,"covered":0,"skipped":0,"pct":100}}
,"/Users/test/VisualCodeProjects/video-app-frontend/src/components/BetaUserWelcomePopup/BetaUserWelcomePopup.jsx": {"lines":{"total":19,"covered":19,"skipped":0,"pct":100},"functions":{"total":3,"covered":3,"skipped":0,"pct":100},"statements":{"total":20,"covered":20,"skipped":0,"pct":100},"branches":{"total":6,"covered":5,"skipped":0,"pct":83.33}}
,"/Users/test/VisualCodeProjects/video-app-frontend/src/components/BlankPopupModal/BlankPopupModal.jsx": {"lines":{"total":5,"covered":0,"skipped":0,"pct":0},"functions":{"total":2,"covered":0,"skipped":0,"pct":0},"statements":{"total":6,"covered":0,"skipped":0,"pct":0},"branches":{"total":3,"covered":0,"skipped":0,"pct":0}}
,"/Users/test/VisualCodeProjects/video-app-frontend/src/components/BoxWithGradient/BoxWithGradient.jsx": {"lines":{"total":5,"covered":0,"skipped":0,"pct":0},"functions":{"total":1,"covered":0,"skipped":0,"pct":0},"statements":{"total":5,"covered":0,"skipped":0,"pct":0},"branches":{"total":16,"covered":0,"skipped":0,"pct":0}}
,"/Users/test/VisualCodeProjects/video-app-frontend/src/components/ButtonWithDropdown/ButtonWithDropdown.jsx": {"lines":{"total":103,"covered":0,"skipped":0,"pct":0},"functions":{"total":24,"covered":0,"skipped":0,"pct":0},"statements":{"total":112,"covered":0,"skipped":0,"pct":0},"branches":{"total":134,"covered":0,"skipped":0,"pct":0}}
,"/Users/test/VisualCodeProjects/video-app-frontend/src/components/CharacterForm/CharacterForm.jsx": {"lines":{"total":164,"covered":133,"skipped":0,"pct":81.09},"functions":{"total":42,"covered":31,"skipped":0,"pct":73.8},"statements":{"total":192,"covered":139,"skipped":0,"pct":72.39},"branches":{"total":186,"covered":119,"skipped":0,"pct":63.97}}
,"/Users/test/VisualCodeProjects/video-app-frontend/src/components/CharacterForm/CharacterPopUp/CharacterPopUp.jsx": {"lines":{"total":252,"covered":0,"skipped":0,"pct":0},"functions":{"total":49,"covered":0,"skipped":0,"pct":0},"statements":{"total":257,"covered":0,"skipped":0,"pct":0},"branches":{"total":293,"covered":0,"skipped":0,"pct":0}}
,"/Users/test/VisualCodeProjects/video-app-frontend/src/components/CharacterForm/DeleteCharacterModal/DeleteCharacterModal.jsx": {"lines":{"total":15,"covered":0,"skipped":0,"pct":0},"functions":{"total":6,"covered":0,"skipped":0,"pct":0},"statements":{"total":16,"covered":0,"skipped":0,"pct":0},"branches":{"total":4,"covered":0,"skipped":0,"pct":0}}
,"/Users/test/VisualCodeProjects/video-app-frontend/src/components/CloudRenderLogPanel/CloudRenderLogPanel.jsx": {"lines":{"total":99,"covered":0,"skipped":0,"pct":0},"functions":{"total":26,"covered":0,"skipped":0,"pct":0},"statements":{"total":111,"covered":0,"skipped":0,"pct":0},"branches":{"total":61,"covered":0,"skipped":0,"pct":0}}
,"/Users/test/VisualCodeProjects/video-app-frontend/src/components/CompactAudioPopup/CompactAudioPopup.jsx": {"lines":{"total":19,"covered":0,"skipped":0,"pct":0},"functions":{"total":7,"covered":0,"skipped":0,"pct":0},"statements":{"total":19,"covered":0,"skipped":0,"pct":0},"branches":{"total":6,"covered":0,"skipped":0,"pct":0}}
,"/Users/test/VisualCodeProjects/video-app-frontend/src/components/ContentSkeleton/ContentSkeleton.jsx": {"lines":{"total":3,"covered":0,"skipped":0,"pct":0},"functions":{"total":2,"covered":0,"skipped":0,"pct":0},"statements":{"total":3,"covered":0,"skipped":0,"pct":0},"branches":{"total":0,"covered":0,"skipped":0,"pct":100}}
,"/Users/test/VisualCodeProjects/video-app-frontend/src/components/ControlButtons/ControlButtons.jsx": {"lines":{"total":9,"covered":0,"skipped":0,"pct":0},"functions":{"total":5,"covered":0,"skipped":0,"pct":0},"statements":{"total":9,"covered":0,"skipped":0,"pct":0},"branches":{"total":9,"covered":0,"skipped":0,"pct":0}}
,"/Users/test/VisualCodeProjects/video-app-frontend/src/components/ConvertConfirmation/ConvertConfirmation.jsx": {"lines":{"total":21,"covered":1,"skipped":0,"pct":4.76},"functions":{"total":8,"covered":0,"skipped":0,"pct":0},"statements":{"total":25,"covered":1,"skipped":0,"pct":4},"branches":{"total":21,"covered":0,"skipped":0,"pct":0}}
,"/Users/test/VisualCodeProjects/video-app-frontend/src/components/ConvertConfirmation/openConvertConfirmation.js": {"lines":{"total":14,"covered":0,"skipped":0,"pct":0},"functions":{"total":5,"covered":0,"skipped":0,"pct":0},"statements":{"total":14,"covered":0,"skipped":0,"pct":0},"branches":{"total":0,"covered":0,"skipped":0,"pct":100}}
,"/Users/test/VisualCodeProjects/video-app-frontend/src/components/CreateNewStyle/CreateNewStyleModal.jsx": {"lines":{"total":180,"covered":0,"skipped":0,"pct":0},"functions":{"total":39,"covered":0,"skipped":0,"pct":0},"statements":{"total":186,"covered":0,"skipped":0,"pct":0},"branches":{"total":165,"covered":0,"skipped":0,"pct":0}}
,"/Users/test/VisualCodeProjects/video-app-frontend/src/components/CreateNewStyle/GeneratedStyleImagesList.jsx": {"lines":{"total":29,"covered":0,"skipped":0,"pct":0},"functions":{"total":8,"covered":0,"skipped":0,"pct":0},"statements":{"total":29,"covered":0,"skipped":0,"pct":0},"branches":{"total":24,"covered":0,"skipped":0,"pct":0}}
,"/Users/test/VisualCodeProjects/video-app-frontend/src/components/CreateNewStyle/StyleSettingsDropdowns.jsx": {"lines":{"total":39,"covered":0,"skipped":0,"pct":0},"functions":{"total":19,"covered":0,"skipped":0,"pct":0},"statements":{"total":43,"covered":0,"skipped":0,"pct":0},"branches":{"total":17,"covered":0,"skipped":0,"pct":0}}
,"/Users/test/VisualCodeProjects/video-app-frontend/src/components/CreateNewStyle/index.js": {"lines":{"total":0,"covered":0,"skipped":0,"pct":100},"functions":{"total":0,"covered":0,"skipped":0,"pct":100},"statements":{"total":0,"covered":0,"skipped":0,"pct":100},"branches":{"total":0,"covered":0,"skipped":0,"pct":100}}
,"/Users/test/VisualCodeProjects/video-app-frontend/src/components/CreateVideoModal/CreateVideoModal.jsx": {"lines":{"total":67,"covered":0,"skipped":0,"pct":0},"functions":{"total":16,"covered":0,"skipped":0,"pct":0},"statements":{"total":70,"covered":0,"skipped":0,"pct":0},"branches":{"total":44,"covered":0,"skipped":0,"pct":0}}
,"/Users/test/VisualCodeProjects/video-app-frontend/src/components/CreateVoiceoverModal/AccentDropdown.jsx": {"lines":{"total":33,"covered":0,"skipped":0,"pct":0},"functions":{"total":19,"covered":0,"skipped":0,"pct":0},"statements":{"total":33,"covered":0,"skipped":0,"pct":0},"branches":{"total":45,"covered":0,"skipped":0,"pct":0}}
,"/Users/test/VisualCodeProjects/video-app-frontend/src/components/CreateVoiceoverModal/AiVoiceoverTabContent.jsx": {"lines":{"total":11,"covered":0,"skipped":0,"pct":0},"functions":{"total":7,"covered":0,"skipped":0,"pct":0},"statements":{"total":11,"covered":0,"skipped":0,"pct":0},"branches":{"total":25,"covered":0,"skipped":0,"pct":0}}
,"/Users/test/VisualCodeProjects/video-app-frontend/src/components/CreateVoiceoverModal/CharacterConflictModal.jsx": {"lines":{"total":18,"covered":0,"skipped":0,"pct":0},"functions":{"total":6,"covered":0,"skipped":0,"pct":0},"statements":{"total":19,"covered":0,"skipped":0,"pct":0},"branches":{"total":10,"covered":0,"skipped":0,"pct":0}}
,"/Users/test/VisualCodeProjects/video-app-frontend/src/components/CreateVoiceoverModal/CharacterSelector.jsx": {"lines":{"total":7,"covered":0,"skipped":0,"pct":0},"functions":{"total":4,"covered":0,"skipped":0,"pct":0},"statements":{"total":7,"covered":0,"skipped":0,"pct":0},"branches":{"total":16,"covered":0,"skipped":0,"pct":0}}
,"/Users/test/VisualCodeProjects/video-app-frontend/src/components/CreateVoiceoverModal/CreateVoiceoverModal.jsx": {"lines":{"total":3728,"covered":0,"skipped":0,"pct":0},"functions":{"total":663,"covered":0,"skipped":0,"pct":0},"statements":{"total":3921,"covered":0,"skipped":0,"pct":0},"branches":{"total":3659,"covered":0,"skipped":0,"pct":0}}
,"/Users/test/VisualCodeProjects/video-app-frontend/src/components/CreateVoiceoverModal/DropdownTriggerButton.jsx": {"lines":{"total":11,"covered":1,"skipped":0,"pct":9.09},"functions":{"total":2,"covered":0,"skipped":0,"pct":0},"statements":{"total":11,"covered":1,"skipped":0,"pct":9.09},"branches":{"total":42,"covered":0,"skipped":0,"pct":0}}
,"/Users/test/VisualCodeProjects/video-app-frontend/src/components/CreateVoiceoverModal/LanguageDropdown.jsx": {"lines":{"total":94,"covered":0,"skipped":0,"pct":0},"functions":{"total":35,"covered":0,"skipped":0,"pct":0},"statements":{"total":104,"covered":0,"skipped":0,"pct":0},"branches":{"total":90,"covered":0,"skipped":0,"pct":0}}
,"/Users/test/VisualCodeProjects/video-app-frontend/src/components/CreateVoiceoverModal/NarratorDropdown.jsx": {"lines":{"total":35,"covered":0,"skipped":0,"pct":0},"functions":{"total":15,"covered":0,"skipped":0,"pct":0},"statements":{"total":36,"covered":0,"skipped":0,"pct":0},"branches":{"total":70,"covered":0,"skipped":0,"pct":0}}
,"/Users/test/VisualCodeProjects/video-app-frontend/src/components/CreateVoiceoverModal/OverwriteConfirmationModal.jsx": {"lines":{"total":12,"covered":0,"skipped":0,"pct":0},"functions":{"total":5,"covered":0,"skipped":0,"pct":0},"statements":{"total":13,"covered":0,"skipped":0,"pct":0},"branches":{"total":7,"covered":0,"skipped":0,"pct":0}}
,"/Users/test/VisualCodeProjects/video-app-frontend/src/components/CreateVoiceoverModal/PlainOptionPortalDropdown.jsx": {"lines":{"total":9,"covered":0,"skipped":0,"pct":0},"functions":{"total":5,"covered":0,"skipped":0,"pct":0},"statements":{"total":9,"covered":0,"skipped":0,"pct":0},"branches":{"total":21,"covered":0,"skipped":0,"pct":0}}
,"/Users/test/VisualCodeProjects/video-app-frontend/src/components/CreateVoiceoverModal/UseMyVoiceTabContent.jsx": {"lines":{"total":10,"covered":0,"skipped":0,"pct":0},"functions":{"total":9,"covered":0,"skipped":0,"pct":0},"statements":{"total":10,"covered":0,"skipped":0,"pct":0},"branches":{"total":14,"covered":0,"skipped":0,"pct":0}}
,"/Users/test/VisualCodeProjects/video-app-frontend/src/components/CreateVoiceoverModal/VersionBadge.jsx": {"lines":{"total":2,"covered":1,"skipped":0,"pct":50},"functions":{"total":1,"covered":0,"skipped":0,"pct":0},"statements":{"total":2,"covered":1,"skipped":0,"pct":50},"branches":{"total":1,"covered":0,"skipped":0,"pct":0}}
,"/Users/test/VisualCodeProjects/video-app-frontend/src/components/CreateVoiceoverModal/VoiceSettings.jsx": {"lines":{"total":54,"covered":13,"skipped":0,"pct":24.07},"functions":{"total":14,"covered":0,"skipped":0,"pct":0},"statements":{"total":60,"covered":13,"skipped":0,"pct":21.66},"branches":{"total":65,"covered":0,"skipped":0,"pct":0}}
,"/Users/test/VisualCodeProjects/video-app-frontend/src/components/CreateVoiceoverModal/createVoiceoverModalConstants.js": {"lines":{"total":4,"covered":0,"skipped":0,"pct":0},"functions":{"total":0,"covered":0,"skipped":0,"pct":100},"statements":{"total":4,"covered":0,"skipped":0,"pct":0},"branches":{"total":2,"covered":0,"skipped":0,"pct":0}}
,"/Users/test/VisualCodeProjects/video-app-frontend/src/components/CreateVoiceoverModal/voiceoverAnchoredDropdownPosition.js": {"lines":{"total":35,"covered":0,"skipped":0,"pct":0},"functions":{"total":1,"covered":0,"skipped":0,"pct":0},"statements":{"total":35,"covered":0,"skipped":0,"pct":0},"branches":{"total":12,"covered":0,"skipped":0,"pct":0}}
,"/Users/test/VisualCodeProjects/video-app-frontend/src/components/CreateVoiceoverModal/AudioInfoModalController/AudioInfoModalController.jsx": {"lines":{"total":4,"covered":0,"skipped":0,"pct":0},"functions":{"total":1,"covered":0,"skipped":0,"pct":0},"statements":{"total":5,"covered":0,"skipped":0,"pct":0},"branches":{"total":9,"covered":0,"skipped":0,"pct":0}}
,"/Users/test/VisualCodeProjects/video-app-frontend/src/components/CreateVoiceoverModal/AudioInfoModalController/useAudioInfoModal.js": {"lines":{"total":50,"covered":0,"skipped":0,"pct":0},"functions":{"total":7,"covered":0,"skipped":0,"pct":0},"statements":{"total":52,"covered":0,"skipped":0,"pct":0},"branches":{"total":48,"covered":0,"skipped":0,"pct":0}}
,"/Users/test/VisualCodeProjects/video-app-frontend/src/components/CreateVoiceoverModal/GenerationsList/GenerationsList.jsx": {"lines":{"total":79,"covered":0,"skipped":0,"pct":0},"functions":{"total":43,"covered":0,"skipped":0,"pct":0},"statements":{"total":80,"covered":0,"skipped":0,"pct":0},"branches":{"total":213,"covered":0,"skipped":0,"pct":0}}
,"/Users/test/VisualCodeProjects/video-app-frontend/src/components/CreateVoiceoverModal/GenerationsList/useGenerationsList.js": {"lines":{"total":3,"covered":0,"skipped":0,"pct":0},"functions":{"total":1,"covered":0,"skipped":0,"pct":0},"statements":{"total":3,"covered":0,"skipped":0,"pct":0},"branches":{"total":0,"covered":0,"skipped":0,"pct":100}}
,"/Users/test/VisualCodeProjects/video-app-frontend/src/components/CustomDropdown/CustomDropdown.jsx": {"lines":{"total":104,"covered":2,"skipped":0,"pct":1.92},"functions":{"total":27,"covered":0,"skipped":0,"pct":0},"statements":{"total":113,"covered":2,"skipped":0,"pct":1.76},"branches":{"total":139,"covered":0,"skipped":0,"pct":0}}
,"/Users/test/VisualCodeProjects/video-app-frontend/src/components/CustomWaveform/AudioWaveform.jsx": {"lines":{"total":13,"covered":0,"skipped":0,"pct":0},"functions":{"total":3,"covered":0,"skipped":0,"pct":0},"statements":{"total":13,"covered":0,"skipped":0,"pct":0},"branches":{"total":11,"covered":0,"skipped":0,"pct":0}}
,"/Users/test/VisualCodeProjects/video-app-frontend/src/components/CustomWaveform/CustomWaveform.jsx": {"lines":{"total":74,"covered":0,"skipped":0,"pct":0},"functions":{"total":5,"covered":0,"skipped":0,"pct":0},"statements":{"total":83,"covered":0,"skipped":0,"pct":0},"branches":{"total":42,"covered":0,"skipped":0,"pct":0}}
,"/Users/test/VisualCodeProjects/video-app-frontend/src/components/CustomWaveform/WaveSurferWaveform.jsx": {"lines":{"total":139,"covered":0,"skipped":0,"pct":0},"functions":{"total":17,"covered":0,"skipped":0,"pct":0},"statements":{"total":147,"covered":0,"skipped":0,"pct":0},"branches":{"total":81,"covered":0,"skipped":0,"pct":0}}
,"/Users/test/VisualCodeProjects/video-app-frontend/src/components/DebugPanel/DebugPanel.jsx": {"lines":{"total":10,"covered":0,"skipped":0,"pct":0},"functions":{"total":2,"covered":0,"skipped":0,"pct":0},"statements":{"total":10,"covered":0,"skipped":0,"pct":0},"branches":{"total":86,"covered":0,"skipped":0,"pct":0}}
,"/Users/test/VisualCodeProjects/video-app-frontend/src/components/DeleteConfirmModal/DeleteConfirmModal.jsx": {"lines":{"total":6,"covered":0,"skipped":0,"pct":0},"functions":{"total":2,"covered":0,"skipped":0,"pct":0},"statements":{"total":7,"covered":0,"skipped":0,"pct":0},"branches":{"total":6,"covered":0,"skipped":0,"pct":0}}
,"/Users/test/VisualCodeProjects/video-app-frontend/src/components/EditingToolkit/EditingToolkit.jsx": {"lines":{"total":2579,"covered":881,"skipped":0,"pct":34.16},"functions":{"total":714,"covered":144,"skipped":0,"pct":20.16},"statements":{"total":2802,"covered":944,"skipped":0,"pct":33.69},"branches":{"total":2694,"covered":1049,"skipped":0,"pct":38.93}}
,"/Users/test/VisualCodeProjects/video-app-frontend/src/components/EditingToolkit/KeyframeButton.jsx": {"lines":{"total":2,"covered":0,"skipped":0,"pct":0},"functions":{"total":1,"covered":0,"skipped":0,"pct":0},"statements":{"total":2,"covered":0,"skipped":0,"pct":0},"branches":{"total":26,"covered":0,"skipped":0,"pct":0}}
,"/Users/test/VisualCodeProjects/video-app-frontend/src/components/EditingToolkit/index.js": {"lines":{"total":0,"covered":0,"skipped":0,"pct":100},"functions":{"total":0,"covered":0,"skipped":0,"pct":100},"statements":{"total":0,"covered":0,"skipped":0,"pct":100},"branches":{"total":0,"covered":0,"skipped":0,"pct":100}}
,"/Users/test/VisualCodeProjects/video-app-frontend/src/components/EditingToolkit/text-handlers.js": {"lines":{"total":457,"covered":0,"skipped":0,"pct":0},"functions":{"total":10,"covered":0,"skipped":0,"pct":0},"statements":{"total":514,"covered":0,"skipped":0,"pct":0},"branches":{"total":494,"covered":0,"skipped":0,"pct":0}}
,"/Users/test/VisualCodeProjects/video-app-frontend/src/components/EditingToolkit/toolkit-helpers.js": {"lines":{"total":246,"covered":0,"skipped":0,"pct":0},"functions":{"total":23,"covered":0,"skipped":0,"pct":0},"statements":{"total":268,"covered":0,"skipped":0,"pct":0},"branches":{"total":271,"covered":0,"skipped":0,"pct":0}}
,"/Users/test/VisualCodeProjects/video-app-frontend/src/components/EditingToolkit/ColorPickerButton/ColorPickerButton.jsx": {"lines":{"total":14,"covered":1,"skipped":0,"pct":7.14},"functions":{"total":4,"covered":0,"skipped":0,"pct":0},"statements":{"total":14,"covered":1,"skipped":0,"pct":7.14},"branches":{"total":6,"covered":0,"skipped":0,"pct":0}}
,"/Users/test/VisualCodeProjects/video-app-frontend/src/components/EditingToolkit/ColorPickerButton/index.js": {"lines":{"total":0,"covered":0,"skipped":0,"pct":100},"functions":{"total":0,"covered":0,"skipped":0,"pct":100},"statements":{"total":0,"covered":0,"skipped":0,"pct":100},"branches":{"total":0,"covered":0,"skipped":0,"pct":100}}
,"/Users/test/VisualCodeProjects/video-app-frontend/src/components/EditingToolkit/ColorPickerPopup/ColorPickerPopup.jsx": {"lines":{"total":192,"covered":2,"skipped":0,"pct":1.04},"functions":{"total":56,"covered":0,"skipped":0,"pct":0},"statements":{"total":204,"covered":2,"skipped":0,"pct":0.98},"branches":{"total":113,"covered":0,"skipped":0,"pct":0}}
,"/Users/test/VisualCodeProjects/video-app-frontend/src/components/EditingToolkit/ColorPickerPopup/index.js": {"lines":{"total":0,"covered":0,"skipped":0,"pct":100},"functions":{"total":0,"covered":0,"skipped":0,"pct":100},"statements":{"total":0,"covered":0,"skipped":0,"pct":100},"branches":{"total":0,"covered":0,"skipped":0,"pct":100}}
,"/Users/test/VisualCodeProjects/video-app-frontend/src/components/EditingToolkit/CropControls/CropControls.jsx": {"lines":{"total":26,"covered":0,"skipped":0,"pct":0},"functions":{"total":25,"covered":0,"skipped":0,"pct":0},"statements":{"total":26,"covered":0,"skipped":0,"pct":0},"branches":{"total":0,"covered":0,"skipped":0,"pct":100}}
,"/Users/test/VisualCodeProjects/video-app-frontend/src/components/ErrorCreateVoiceover/ErrorCreateVoiceover.jsx": {"lines":{"total":2,"covered":0,"skipped":0,"pct":0},"functions":{"total":1,"covered":0,"skipped":0,"pct":0},"statements":{"total":2,"covered":0,"skipped":0,"pct":0},"branches":{"total":4,"covered":0,"skipped":0,"pct":0}}
,"/Users/test/VisualCodeProjects/video-app-frontend/src/components/ErrorNotification/ErrorNotification.jsx": {"lines":{"total":55,"covered":0,"skipped":0,"pct":0},"functions":{"total":14,"covered":0,"skipped":0,"pct":0},"statements":{"total":56,"covered":0,"skipped":0,"pct":0},"branches":{"total":48,"covered":0,"skipped":0,"pct":0}}
,"/Users/test/VisualCodeProjects/video-app-frontend/src/components/ExamplesModal/ExamplesModal.jsx": {"lines":{"total":125,"covered":2,"skipped":0,"pct":1.6},"functions":{"total":26,"covered":0,"skipped":0,"pct":0},"statements":{"total":128,"covered":2,"skipped":0,"pct":1.56},"branches":{"total":81,"covered":0,"skipped":0,"pct":0}}
,"/Users/test/VisualCodeProjects/video-app-frontend/src/components/FilterItem/FilterItem.jsx": {"lines":{"total":2,"covered":0,"skipped":0,"pct":0},"functions":{"total":1,"covered":0,"skipped":0,"pct":0},"statements":{"total":2,"covered":0,"skipped":0,"pct":0},"branches":{"total":0,"covered":0,"skipped":0,"pct":100}}
,"/Users/test/VisualCodeProjects/video-app-frontend/src/components/FilterList/FilterList.jsx": {"lines":{"total":41,"covered":0,"skipped":0,"pct":0},"functions":{"total":9,"covered":0,"skipped":0,"pct":0},"statements":{"total":48,"covered":0,"skipped":0,"pct":0},"branches":{"total":57,"covered":0,"skipped":0,"pct":0}}
,"/Users/test/VisualCodeProjects/video-app-frontend/src/components/FormUpdateUser/FormUpdateUser.jsx": {"lines":{"total":31,"covered":0,"skipped":0,"pct":0},"functions":{"total":5,"covered":0,"skipped":0,"pct":0},"statements":{"total":32,"covered":0,"skipped":0,"pct":0},"branches":{"total":14,"covered":0,"skipped":0,"pct":0}}
,"/Users/test/VisualCodeProjects/video-app-frontend/src/components/FullSizeVideo/FullSizeVideo.jsx": {"lines":{"total":175,"covered":0,"skipped":0,"pct":0},"functions":{"total":38,"covered":0,"skipped":0,"pct":0},"statements":{"total":189,"covered":0,"skipped":0,"pct":0},"branches":{"total":155,"covered":0,"skipped":0,"pct":0}}
,"/Users/test/VisualCodeProjects/video-app-frontend/src/components/FullStoryboardPanel/FullStoryboardPanel.jsx": {"lines":{"total":51,"covered":50,"skipped":0,"pct":98.03},"functions":{"total":7,"covered":6,"skipped":0,"pct":85.71},"statements":{"total":52,"covered":51,"skipped":0,"pct":98.07},"branches":{"total":62,"covered":58,"skipped":0,"pct":93.54}}
,"/Users/test/VisualCodeProjects/video-app-frontend/src/components/FullStoryboardPanel/SceneDotIndicator.jsx": {"lines":{"total":5,"covered":0,"skipped":0,"pct":0},"functions":{"total":3,"covered":0,"skipped":0,"pct":0},"statements":{"total":6,"covered":0,"skipped":0,"pct":0},"branches":{"total":6,"covered":0,"skipped":0,"pct":0}}
,"/Users/test/VisualCodeProjects/video-app-frontend/src/components/FullStoryboardPanel/useDragAutoScroll.js": {"lines":{"total":58,"covered":0,"skipped":0,"pct":0},"functions":{"total":9,"covered":0,"skipped":0,"pct":0},"statements":{"total":61,"covered":0,"skipped":0,"pct":0},"branches":{"total":28,"covered":0,"skipped":0,"pct":0}}
,"/Users/test/VisualCodeProjects/video-app-frontend/src/components/FullStoryboardPanel/useSceneScrollSwitch.js": {"lines":{"total":134,"covered":0,"skipped":0,"pct":0},"functions":{"total":16,"covered":0,"skipped":0,"pct":0},"statements":{"total":143,"covered":0,"skipped":0,"pct":0},"branches":{"total":66,"covered":0,"skipped":0,"pct":0}}
,"/Users/test/VisualCodeProjects/video-app-frontend/src/components/GalleryFilter/GalleryFilter.jsx": {"lines":{"total":145,"covered":0,"skipped":0,"pct":0},"functions":{"total":42,"covered":0,"skipped":0,"pct":0},"statements":{"total":156,"covered":0,"skipped":0,"pct":0},"branches":{"total":153,"covered":0,"skipped":0,"pct":0}}
,"/Users/test/VisualCodeProjects/video-app-frontend/src/components/GallerySection/GallerySection.jsx": {"lines":{"total":440,"covered":0,"skipped":0,"pct":0},"functions":{"total":114,"covered":0,"skipped":0,"pct":0},"statements":{"total":506,"covered":0,"skipped":0,"pct":0},"branches":{"total":633,"covered":0,"skipped":0,"pct":0}}
,"/Users/test/VisualCodeProjects/video-app-frontend/src/components/GenerateButton/GenerateButton.jsx": {"lines":{"total":58,"covered":0,"skipped":0,"pct":0},"functions":{"total":13,"covered":0,"skipped":0,"pct":0},"statements":{"total":68,"covered":0,"skipped":0,"pct":0},"branches":{"total":141,"covered":0,"skipped":0,"pct":0}}
,"/Users/test/VisualCodeProjects/video-app-frontend/src/components/GenerateWithAI/GenerateWithAI.jsx": {"lines":{"total":2191,"covered":0,"skipped":0,"pct":0},"functions":{"total":344,"covered":0,"skipped":0,"pct":0},"statements":{"total":2357,"covered":0,"skipped":0,"pct":0},"branches":{"total":2547,"covered":0,"skipped":0,"pct":0}}
,"/Users/test/VisualCodeProjects/video-app-frontend/src/components/GenerateWithAI/SceneToolbar.jsx": {"lines":{"total":85,"covered":0,"skipped":0,"pct":0},"functions":{"total":24,"covered":0,"skipped":0,"pct":0},"statements":{"total":85,"covered":0,"skipped":0,"pct":0},"branches":{"total":53,"covered":0,"skipped":0,"pct":0}}
,"/Users/test/VisualCodeProjects/video-app-frontend/src/components/GenerateWithAI/GeneratedImagesItem/GeneratedImagesItem.jsx": {"lines":{"total":52,"covered":0,"skipped":0,"pct":0},"functions":{"total":13,"covered":0,"skipped":0,"pct":0},"statements":{"total":52,"covered":0,"skipped":0,"pct":0},"branches":{"total":38,"covered":0,"skipped":0,"pct":0}}
,"/Users/test/VisualCodeProjects/video-app-frontend/src/components/GenerateWithAI/GeneratedImagesSection/GeneratedImagesSection.jsx": {"lines":{"total":482,"covered":298,"skipped":0,"pct":61.82},"functions":{"total":124,"covered":65,"skipped":0,"pct":52.41},"statements":{"total":542,"covered":321,"skipped":0,"pct":59.22},"branches":{"total":760,"covered":434,"skipped":0,"pct":57.1}}
,"/Users/test/VisualCodeProjects/video-app-frontend/src/components/GenerateWithAiSection/GenerateAIModeComponent.jsx": {"lines":{"total":53,"covered":1,"skipped":0,"pct":1.88},"functions":{"total":9,"covered":0,"skipped":0,"pct":0},"statements":{"total":54,"covered":1,"skipped":0,"pct":1.85},"branches":{"total":35,"covered":0,"skipped":0,"pct":0}}
,"/Users/test/VisualCodeProjects/video-app-frontend/src/components/GenerateWithAiSection/GenerateWithAiSection.jsx": {"lines":{"total":30,"covered":0,"skipped":0,"pct":0},"functions":{"total":5,"covered":0,"skipped":0,"pct":0},"statements":{"total":32,"covered":0,"skipped":0,"pct":0},"branches":{"total":34,"covered":0,"skipped":0,"pct":0}}
,"/Users/test/VisualCodeProjects/video-app-frontend/src/components/GenerationControlsSection/AIModelPicker.jsx": {"lines":{"total":741,"covered":329,"skipped":0,"pct":44.39},"functions":{"total":208,"covered":79,"skipped":0,"pct":37.98},"statements":{"total":815,"covered":349,"skipped":0,"pct":42.82},"branches":{"total":745,"covered":220,"skipped":0,"pct":29.53}}
,"/Users/test/VisualCodeProjects/video-app-frontend/src/components/GenerationControlsSection/GenerationControlsSection.jsx": {"lines":{"total":531,"covered":180,"skipped":0,"pct":33.89},"functions":{"total":148,"covered":50,"skipped":0,"pct":33.78},"statements":{"total":581,"covered":192,"skipped":0,"pct":33.04},"branches":{"total":637,"covered":152,"skipped":0,"pct":23.86}}
,"/Users/test/VisualCodeProjects/video-app-frontend/src/components/GenerationControlsSection/RecentStylesMenu.jsx": {"lines":{"total":7,"covered":0,"skipped":0,"pct":0},"functions":{"total":3,"covered":0,"skipped":0,"pct":0},"statements":{"total":7,"covered":0,"skipped":0,"pct":0},"branches":{"total":14,"covered":0,"skipped":0,"pct":0}}
,"/Users/test/VisualCodeProjects/video-app-frontend/src/components/GenerationControlsSection/icons/Close.jsx": {"lines":{"total":2,"covered":1,"skipped":0,"pct":50},"functions":{"total":1,"covered":0,"skipped":0,"pct":0},"statements":{"total":2,"covered":1,"skipped":0,"pct":50},"branches":{"total":0,"covered":0,"skipped":0,"pct":100}}
,"/Users/test/VisualCodeProjects/video-app-frontend/src/components/GenerationControlsSection/icons/CloseSearch.jsx": {"lines":{"total":2,"covered":2,"skipped":0,"pct":100},"functions":{"total":1,"covered":1,"skipped":0,"pct":100},"statements":{"total":2,"covered":2,"skipped":0,"pct":100},"branches":{"total":1,"covered":0,"skipped":0,"pct":0}}
,"/Users/test/VisualCodeProjects/video-app-frontend/src/components/GenerationControlsSection/icons/Credits.jsx": {"lines":{"total":2,"covered":2,"skipped":0,"pct":100},"functions":{"total":1,"covered":1,"skipped":0,"pct":100},"statements":{"total":2,"covered":2,"skipped":0,"pct":100},"branches":{"total":1,"covered":0,"skipped":0,"pct":0}}
,"/Users/test/VisualCodeProjects/video-app-frontend/src/components/GenerationControlsSection/icons/FavouritesToggle.jsx": {"lines":{"total":2,"covered":2,"skipped":0,"pct":100},"functions":{"total":1,"covered":1,"skipped":0,"pct":100},"statements":{"total":2,"covered":2,"skipped":0,"pct":100},"branches":{"total":20,"covered":10,"skipped":0,"pct":50}}
,"/Users/test/VisualCodeProjects/video-app-frontend/src/components/GenerationControlsSection/icons/Heart.jsx": {"lines":{"total":2,"covered":2,"skipped":0,"pct":100},"functions":{"total":1,"covered":1,"skipped":0,"pct":100},"statements":{"total":2,"covered":2,"skipped":0,"pct":100},"branches":{"total":4,"covered":2,"skipped":0,"pct":50}}
,"/Users/test/VisualCodeProjects/video-app-frontend/src/components/GenerationControlsSection/icons/RightArrow.jsx": {"lines":{"total":2,"covered":2,"skipped":0,"pct":100},"functions":{"total":1,"covered":1,"skipped":0,"pct":100},"statements":{"total":2,"covered":2,"skipped":0,"pct":100},"branches":{"total":0,"covered":0,"skipped":0,"pct":100}}
,"/Users/test/VisualCodeProjects/video-app-frontend/src/components/GenerationControlsSection/icons/SelectedOptionClose.jsx": {"lines":{"total":2,"covered":1,"skipped":0,"pct":50},"functions":{"total":1,"covered":0,"skipped":0,"pct":0},"statements":{"total":2,"covered":1,"skipped":0,"pct":50},"branches":{"total":1,"covered":0,"skipped":0,"pct":0}}
,"/Users/test/VisualCodeProjects/video-app-frontend/src/components/GenerationControlsSection/icons/Star.jsx": {"lines":{"total":2,"covered":2,"skipped":0,"pct":100},"functions":{"total":1,"covered":1,"skipped":0,"pct":100},"statements":{"total":2,"covered":2,"skipped":0,"pct":100},"branches":{"total":1,"covered":0,"skipped":0,"pct":0}}
,"/Users/test/VisualCodeProjects/video-app-frontend/src/components/GenerationModeToggle/GenerationModeToggle.jsx": {"lines":{"total":93,"covered":0,"skipped":0,"pct":0},"functions":{"total":24,"covered":0,"skipped":0,"pct":0},"statements":{"total":102,"covered":0,"skipped":0,"pct":0},"branches":{"total":80,"covered":0,"skipped":0,"pct":0}}
,"/Users/test/VisualCodeProjects/video-app-frontend/src/components/GenerationModeToggle/FadeText/FadeText.jsx": {"lines":{"total":17,"covered":0,"skipped":0,"pct":0},"functions":{"total":3,"covered":0,"skipped":0,"pct":0},"statements":{"total":18,"covered":0,"skipped":0,"pct":0},"branches":{"total":15,"covered":0,"skipped":0,"pct":0}}
,"/Users/test/VisualCodeProjects/video-app-frontend/src/components/GenerationModeToggle/GenModeDropdown/GenModeDropdown.jsx": {"lines":{"total":37,"covered":0,"skipped":0,"pct":0},"functions":{"total":12,"covered":0,"skipped":0,"pct":0},"statements":{"total":40,"covered":0,"skipped":0,"pct":0},"branches":{"total":27,"covered":0,"skipped":0,"pct":0}}
,"/Users/test/VisualCodeProjects/video-app-frontend/src/components/GenerationModeToggle/GenModeToggleDivider/GenModeToggleDivider.jsx": {"lines":{"total":2,"covered":0,"skipped":0,"pct":0},"functions":{"total":1,"covered":0,"skipped":0,"pct":0},"statements":{"total":2,"covered":0,"skipped":0,"pct":0},"branches":{"total":3,"covered":0,"skipped":0,"pct":0}}
,"/Users/test/VisualCodeProjects/video-app-frontend/src/components/GenerationModeToggle/GenModeToggleItem/GenModeToggleItem.jsx": {"lines":{"total":36,"covered":0,"skipped":0,"pct":0},"functions":{"total":7,"covered":0,"skipped":0,"pct":0},"statements":{"total":37,"covered":0,"skipped":0,"pct":0},"branches":{"total":79,"covered":0,"skipped":0,"pct":0}}
,"/Users/test/VisualCodeProjects/video-app-frontend/src/components/GenerationModeToggle/GenModeToggleModal/GenModeToggleModal.jsx": {"lines":{"total":24,"covered":0,"skipped":0,"pct":0},"functions":{"total":9,"covered":0,"skipped":0,"pct":0},"statements":{"total":25,"covered":0,"skipped":0,"pct":0},"branches":{"total":13,"covered":0,"skipped":0,"pct":0}}
,"/Users/test/VisualCodeProjects/video-app-frontend/src/components/GenerationModeToggle/GenModeToggleModalTabs/GenModeToggleModalTabs.jsx": {"lines":{"total":12,"covered":0,"skipped":0,"pct":0},"functions":{"total":4,"covered":0,"skipped":0,"pct":0},"statements":{"total":13,"covered":0,"skipped":0,"pct":0},"branches":{"total":28,"covered":0,"skipped":0,"pct":0}}
,"/Users/test/VisualCodeProjects/video-app-frontend/src/components/GenerationModeToggle/GenModeToggleSegment/GenModeToggleSegment.jsx": {"lines":{"total":5,"covered":0,"skipped":0,"pct":0},"functions":{"total":3,"covered":0,"skipped":0,"pct":0},"statements":{"total":6,"covered":0,"skipped":0,"pct":0},"branches":{"total":9,"covered":0,"skipped":0,"pct":0}}
,"/Users/test/VisualCodeProjects/video-app-frontend/src/components/GenerationModeToggle/constants/index.jsx": {"lines":{"total":2,"covered":0,"skipped":0,"pct":0},"functions":{"total":0,"covered":0,"skipped":0,"pct":100},"statements":{"total":2,"covered":0,"skipped":0,"pct":0},"branches":{"total":0,"covered":0,"skipped":0,"pct":100}}
,"/Users/test/VisualCodeProjects/video-app-frontend/src/components/GenerationModeToggle/hooks/useGenModeToggleScopeId.js": {"lines":{"total":8,"covered":0,"skipped":0,"pct":0},"functions":{"total":2,"covered":0,"skipped":0,"pct":0},"statements":{"total":13,"covered":0,"skipped":0,"pct":0},"branches":{"total":12,"covered":0,"skipped":0,"pct":0}}
,"/Users/test/VisualCodeProjects/video-app-frontend/src/components/GenerationModeToggle/hooks/useResponsivePosition.js": {"lines":{"total":34,"covered":0,"skipped":0,"pct":0},"functions":{"total":7,"covered":0,"skipped":0,"pct":0},"statements":{"total":37,"covered":0,"skipped":0,"pct":0},"branches":{"total":23,"covered":0,"skipped":0,"pct":0}}
,"/Users/test/VisualCodeProjects/video-app-frontend/src/components/GenerationModeToggle/utils/buildPrioritizedLayoutSegments.js": {"lines":{"total":21,"covered":0,"skipped":0,"pct":0},"functions":{"total":3,"covered":0,"skipped":0,"pct":0},"statements":{"total":21,"covered":0,"skipped":0,"pct":0},"branches":{"total":19,"covered":0,"skipped":0,"pct":0}}
,"/Users/test/VisualCodeProjects/video-app-frontend/src/components/GenerationModeToggle/utils/genModeToggleUiPersistence.js": {"lines":{"total":31,"covered":0,"skipped":0,"pct":0},"functions":{"total":6,"covered":0,"skipped":0,"pct":0},"statements":{"total":34,"covered":0,"skipped":0,"pct":0},"branches":{"total":20,"covered":0,"skipped":0,"pct":0}}
,"/Users/test/VisualCodeProjects/video-app-frontend/src/components/GenerationModeToggle/utils/genModeToggleUtils.js": {"lines":{"total":12,"covered":0,"skipped":0,"pct":0},"functions":{"total":4,"covered":0,"skipped":0,"pct":0},"statements":{"total":17,"covered":0,"skipped":0,"pct":0},"branches":{"total":14,"covered":0,"skipped":0,"pct":0}}
,"/Users/test/VisualCodeProjects/video-app-frontend/src/components/GenerationModeToggle/utils/getGenModeToggleDividerVisibility.js": {"lines":{"total":3,"covered":0,"skipped":0,"pct":0},"functions":{"total":1,"covered":0,"skipped":0,"pct":0},"statements":{"total":3,"covered":0,"skipped":0,"pct":0},"branches":{"total":5,"covered":0,"skipped":0,"pct":0}}
,"/Users/test/VisualCodeProjects/video-app-frontend/src/components/Header/Header.jsx": {"lines":{"total":48,"covered":0,"skipped":0,"pct":0},"functions":{"total":19,"covered":0,"skipped":0,"pct":0},"statements":{"total":53,"covered":0,"skipped":0,"pct":0},"branches":{"total":31,"covered":0,"skipped":0,"pct":0}}
,"/Users/test/VisualCodeProjects/video-app-frontend/src/components/Header/MinimalHeader/MinimalHeader.jsx": {"lines":{"total":333,"covered":0,"skipped":0,"pct":0},"functions":{"total":95,"covered":0,"skipped":0,"pct":0},"statements":{"total":345,"covered":0,"skipped":0,"pct":0},"branches":{"total":233,"covered":0,"skipped":0,"pct":0}}
,"/Users/test/VisualCodeProjects/video-app-frontend/src/components/Header/MinimalHeader/ShortcutsModal.jsx": {"lines":{"total":17,"covered":0,"skipped":0,"pct":0},"functions":{"total":8,"covered":0,"skipped":0,"pct":0},"statements":{"total":17,"covered":0,"skipped":0,"pct":0},"branches":{"total":6,"covered":0,"skipped":0,"pct":0}}
,"/Users/test/VisualCodeProjects/video-app-frontend/src/components/Header/MinimalHeader/SubscriptionToast.jsx": {"lines":{"total":6,"covered":0,"skipped":0,"pct":0},"functions":{"total":3,"covered":0,"skipped":0,"pct":0},"statements":{"total":6,"covered":0,"skipped":0,"pct":0},"branches":{"total":0,"covered":0,"skipped":0,"pct":100}}
,"/Users/test/VisualCodeProjects/video-app-frontend/src/components/Header/MinimalHeader/icons/AskTeam.jsx": {"lines":{"total":2,"covered":0,"skipped":0,"pct":0},"functions":{"total":1,"covered":0,"skipped":0,"pct":0},"statements":{"total":2,"covered":0,"skipped":0,"pct":0},"branches":{"total":1,"covered":0,"skipped":0,"pct":0}}
,"/Users/test/VisualCodeProjects/video-app-frontend/src/components/Header/MinimalHeader/icons/Battery.jsx": {"lines":{"total":2,"covered":0,"skipped":0,"pct":0},"functions":{"total":1,"covered":0,"skipped":0,"pct":0},"statements":{"total":2,"covered":0,"skipped":0,"pct":0},"branches":{"total":0,"covered":0,"skipped":0,"pct":100}}
,"/Users/test/VisualCodeProjects/video-app-frontend/src/components/Header/MinimalHeader/icons/Close.jsx": {"lines":{"total":2,"covered":0,"skipped":0,"pct":0},"functions":{"total":1,"covered":0,"skipped":0,"pct":0},"statements":{"total":2,"covered":0,"skipped":0,"pct":0},"branches":{"total":0,"covered":0,"skipped":0,"pct":100}}
,"/Users/test/VisualCodeProjects/video-app-frontend/src/components/Header/MinimalHeader/icons/Credits.jsx": {"lines":{"total":2,"covered":1,"skipped":0,"pct":50},"functions":{"total":1,"covered":0,"skipped":0,"pct":0},"statements":{"total":2,"covered":1,"skipped":0,"pct":50},"branches":{"total":2,"covered":0,"skipped":0,"pct":0}}
,"/Users/test/VisualCodeProjects/video-app-frontend/src/components/Header/MinimalHeader/icons/Discord.jsx": {"lines":{"total":2,"covered":0,"skipped":0,"pct":0},"functions":{"total":1,"covered":0,"skipped":0,"pct":0},"statements":{"total":2,"covered":0,"skipped":0,"pct":0},"branches":{"total":1,"covered":0,"skipped":0,"pct":0}}
,"/Users/test/VisualCodeProjects/video-app-frontend/src/components/Header/MinimalHeader/icons/Documentation.jsx": {"lines":{"total":2,"covered":0,"skipped":0,"pct":0},"functions":{"total":1,"covered":0,"skipped":0,"pct":0},"statements":{"total":2,"covered":0,"skipped":0,"pct":0},"branches":{"total":1,"covered":0,"skipped":0,"pct":0}}
,"/Users/test/VisualCodeProjects/video-app-frontend/src/components/Header/MinimalHeader/icons/DropdownArrow.jsx": {"lines":{"total":2,"covered":0,"skipped":0,"pct":0},"functions":{"total":1,"covered":0,"skipped":0,"pct":0},"statements":{"total":2,"covered":0,"skipped":0,"pct":0},"branches":{"total":0,"covered":0,"skipped":0,"pct":100}}
,"/Users/test/VisualCodeProjects/video-app-frontend/src/components/Header/MinimalHeader/icons/FAQ.jsx": {"lines":{"total":2,"covered":0,"skipped":0,"pct":0},"functions":{"total":1,"covered":0,"skipped":0,"pct":0},"statements":{"total":2,"covered":0,"skipped":0,"pct":0},"branches":{"total":1,"covered":0,"skipped":0,"pct":0}}
,"/Users/test/VisualCodeProjects/video-app-frontend/src/components/Header/MinimalHeader/icons/GetMoreCredits.jsx": {"lines":{"total":2,"covered":0,"skipped":0,"pct":0},"functions":{"total":1,"covered":0,"skipped":0,"pct":0},"statements":{"total":2,"covered":0,"skipped":0,"pct":0},"branches":{"total":0,"covered":0,"skipped":0,"pct":100}}
,"/Users/test/VisualCodeProjects/video-app-frontend/src/components/Header/MinimalHeader/icons/Help.jsx": {"lines":{"total":3,"covered":0,"skipped":0,"pct":0},"functions":{"total":1,"covered":0,"skipped":0,"pct":0},"statements":{"total":3,"covered":0,"skipped":0,"pct":0},"branches":{"total":1,"covered":0,"skipped":0,"pct":0}}
,"/Users/test/VisualCodeProjects/video-app-frontend/src/components/Header/MinimalHeader/icons/HowCreditsWork.jsx": {"lines":{"total":2,"covered":0,"skipped":0,"pct":0},"functions":{"total":1,"covered":0,"skipped":0,"pct":0},"statements":{"total":2,"covered":0,"skipped":0,"pct":0},"branches":{"total":0,"covered":0,"skipped":0,"pct":100}}
,"/Users/test/VisualCodeProjects/video-app-frontend/src/components/Header/MinimalHeader/icons/OppositeIcon.jsx": {"lines":{"total":2,"covered":0,"skipped":0,"pct":0},"functions":{"total":1,"covered":0,"skipped":0,"pct":0},"statements":{"total":2,"covered":0,"skipped":0,"pct":0},"branches":{"total":1,"covered":0,"skipped":0,"pct":0}}
,"/Users/test/VisualCodeProjects/video-app-frontend/src/components/Header/MinimalHeader/icons/PricingLogo.jsx": {"lines":{"total":2,"covered":0,"skipped":0,"pct":0},"functions":{"total":1,"covered":0,"skipped":0,"pct":0},"statements":{"total":2,"covered":0,"skipped":0,"pct":0},"branches":{"total":4,"covered":0,"skipped":0,"pct":0}}
,"/Users/test/VisualCodeProjects/video-app-frontend/src/components/Header/MinimalHeader/icons/SubscriptionNotification.jsx": {"lines":{"total":2,"covered":0,"skipped":0,"pct":0},"functions":{"total":1,"covered":0,"skipped":0,"pct":0},"statements":{"total":2,"covered":0,"skipped":0,"pct":0},"branches":{"total":0,"covered":0,"skipped":0,"pct":100}}
,"/Users/test/VisualCodeProjects/video-app-frontend/src/components/Header/MinimalHeader/icons/Terms.jsx": {"lines":{"total":2,"covered":0,"skipped":0,"pct":0},"functions":{"total":1,"covered":0,"skipped":0,"pct":0},"statements":{"total":2,"covered":0,"skipped":0,"pct":0},"branches":{"total":1,"covered":0,"skipped":0,"pct":0}}
,"/Users/test/VisualCodeProjects/video-app-frontend/src/components/Header/MinimalHeader/icons/ViewUsage.jsx": {"lines":{"total":2,"covered":0,"skipped":0,"pct":0},"functions":{"total":1,"covered":0,"skipped":0,"pct":0},"statements":{"total":2,"covered":0,"skipped":0,"pct":0},"branches":{"total":0,"covered":0,"skipped":0,"pct":100}}
,"/Users/test/VisualCodeProjects/video-app-frontend/src/components/Header/Navigation/Navigation.jsx": {"lines":{"total":4,"covered":0,"skipped":0,"pct":0},"functions":{"total":2,"covered":0,"skipped":0,"pct":0},"statements":{"total":4,"covered":0,"skipped":0,"pct":0},"branches":{"total":2,"covered":0,"skipped":0,"pct":0}}
,"/Users/test/VisualCodeProjects/video-app-frontend/src/components/Header/Navigation/index.jsx": {"lines":{"total":4,"covered":0,"skipped":0,"pct":0},"functions":{"total":2,"covered":0,"skipped":0,"pct":0},"statements":{"total":4,"covered":0,"skipped":0,"pct":0},"branches":{"total":2,"covered":0,"skipped":0,"pct":0}}
,"/Users/test/VisualCodeProjects/video-app-frontend/src/components/Icons/AccountIcon.jsx": {"lines":{"total":3,"covered":2,"skipped":0,"pct":66.66},"functions":{"total":1,"covered":0,"skipped":0,"pct":0},"statements":{"total":3,"covered":2,"skipped":0,"pct":66.66},"branches":{"total":2,"covered":0,"skipped":0,"pct":0}}
,"/Users/test/VisualCodeProjects/video-app-frontend/src/components/Icons/ActivateBackground.jsx": {"lines":{"total":3,"covered":0,"skipped":0,"pct":0},"functions":{"total":1,"covered":0,"skipped":0,"pct":0},"statements":{"total":3,"covered":0,"skipped":0,"pct":0},"branches":{"total":3,"covered":0,"skipped":0,"pct":0}}
,"/Users/test/VisualCodeProjects/video-app-frontend/src/components/Icons/AddAudionOnRulerIcon.jsx": {"lines":{"total":3,"covered":0,"skipped":0,"pct":0},"functions":{"total":1,"covered":0,"skipped":0,"pct":0},"statements":{"total":3,"covered":0,"skipped":0,"pct":0},"branches":{"total":2,"covered":0,"skipped":0,"pct":0}}
,"/Users/test/VisualCodeProjects/video-app-frontend/src/components/Icons/AddImageIcon.jsx": {"lines":{"total":3,"covered":2,"skipped":0,"pct":66.66},"functions":{"total":1,"covered":0,"skipped":0,"pct":0},"statements":{"total":3,"covered":2,"skipped":0,"pct":66.66},"branches":{"total":2,"covered":0,"skipped":0,"pct":0}}
,"/Users/test/VisualCodeProjects/video-app-frontend/src/components/Icons/AddSceneIcon.jsx": {"lines":{"total":2,"covered":1,"skipped":0,"pct":50},"functions":{"total":1,"covered":0,"skipped":0,"pct":0},"statements":{"total":2,"covered":1,"skipped":0,"pct":50},"branches":{"total":2,"covered":0,"skipped":0,"pct":0}}
,"/Users/test/VisualCodeProjects/video-app-frontend/src/components/Icons/AddSubtitleIcon.jsx": {"lines":{"total":2,"covered":0,"skipped":0,"pct":0},"functions":{"total":1,"covered":0,"skipped":0,"pct":0},"statements":{"total":2,"covered":0,"skipped":0,"pct":0},"branches":{"total":0,"covered":0,"skipped":0,"pct":100}}
,"/Users/test/VisualCodeProjects/video-app-frontend/src/components/Icons/AddUploadMusicButton.jsx": {"lines":{"total":3,"covered":0,"skipped":0,"pct":0},"functions":{"total":1,"covered":0,"skipped":0,"pct":0},"statements":{"total":3,"covered":0,"skipped":0,"pct":0},"branches":{"total":2,"covered":0,"skipped":0,"pct":0}}
,"/Users/test/VisualCodeProjects/video-app-frontend/src/components/Icons/AddUserIcon.jsx": {"lines":{"total":3,"covered":2,"skipped":0,"pct":66.66},"functions":{"total":1,"covered":0,"skipped":0,"pct":0},"statements":{"total":3,"covered":2,"skipped":0,"pct":66.66},"branches":{"total":2,"covered":0,"skipped":0,"pct":0}}
,"/Users/test/VisualCodeProjects/video-app-frontend/src/components/Icons/AdobePremiereProIcon.jsx": {"lines":{"total":2,"covered":1,"skipped":0,"pct":50},"functions":{"total":1,"covered":0,"skipped":0,"pct":0},"statements":{"total":2,"covered":1,"skipped":0,"pct":50},"branches":{"total":2,"covered":0,"skipped":0,"pct":0}}
,"/Users/test/VisualCodeProjects/video-app-frontend/src/components/Icons/AiAvatarIcon.jsx": {"lines":{"total":2,"covered":1,"skipped":0,"pct":50},"functions":{"total":1,"covered":0,"skipped":0,"pct":0},"statements":{"total":2,"covered":1,"skipped":0,"pct":50},"branches":{"total":2,"covered":0,"skipped":0,"pct":0}}
,"/Users/test/VisualCodeProjects/video-app-frontend/src/components/Icons/AiSettingsIcon.jsx": {"lines":{"total":3,"covered":2,"skipped":0,"pct":66.66},"functions":{"total":1,"covered":0,"skipped":0,"pct":0},"statements":{"total":3,"covered":2,"skipped":0,"pct":66.66},"branches":{"total":2,"covered":0,"skipped":0,"pct":0}}
,"/Users/test/VisualCodeProjects/video-app-frontend/src/components/Icons/AiStarGradientIcon.jsx": {"lines":{"total":2,"covered":1,"skipped":0,"pct":50},"functions":{"total":1,"covered":0,"skipped":0,"pct":0},"statements":{"total":2,"covered":1,"skipped":0,"pct":50},"branches":{"total":2,"covered":0,"skipped":0,"pct":0}}
,"/Users/test/VisualCodeProjects/video-app-frontend/src/components/Icons/AiStarsIcon.jsx": {"lines":{"total":2,"covered":1,"skipped":0,"pct":50},"functions":{"total":1,"covered":0,"skipped":0,"pct":0},"statements":{"total":2,"covered":1,"skipped":0,"pct":50},"branches":{"total":2,"covered":0,"skipped":0,"pct":0}}
,"/Users/test/VisualCodeProjects/video-app-frontend/src/components/Icons/AllTabIcon.jsx": {"lines":{"total":3,"covered":2,"skipped":0,"pct":66.66},"functions":{"total":1,"covered":0,"skipped":0,"pct":0},"statements":{"total":3,"covered":2,"skipped":0,"pct":66.66},"branches":{"total":2,"covered":0,"skipped":0,"pct":0}}
,"/Users/test/VisualCodeProjects/video-app-frontend/src/components/Icons/AlphaIcon.jsx": {"lines":{"total":2,"covered":1,"skipped":0,"pct":50},"functions":{"total":1,"covered":0,"skipped":0,"pct":0},"statements":{"total":2,"covered":1,"skipped":0,"pct":50},"branches":{"total":0,"covered":0,"skipped":0,"pct":100}}
,"/Users/test/VisualCodeProjects/video-app-frontend/src/components/Icons/AnimateIcon.jsx": {"lines":{"total":2,"covered":1,"skipped":0,"pct":50},"functions":{"total":1,"covered":0,"skipped":0,"pct":0},"statements":{"total":2,"covered":1,"skipped":0,"pct":50},"branches":{"total":2,"covered":0,"skipped":0,"pct":0}}
,"/Users/test/VisualCodeProjects/video-app-frontend/src/components/Icons/AnimationIcon.jsx": {"lines":{"total":3,"covered":2,"skipped":0,"pct":66.66},"functions":{"total":1,"covered":0,"skipped":0,"pct":0},"statements":{"total":3,"covered":2,"skipped":0,"pct":66.66},"branches":{"total":2,"covered":0,"skipped":0,"pct":0}}
,"/Users/test/VisualCodeProjects/video-app-frontend/src/components/Icons/ApostropheIcon.jsx": {"lines":{"total":3,"covered":2,"skipped":0,"pct":66.66},"functions":{"total":1,"covered":0,"skipped":0,"pct":0},"statements":{"total":3,"covered":2,"skipped":0,"pct":66.66},"branches":{"total":3,"covered":0,"skipped":0,"pct":0}}
,"/Users/test/VisualCodeProjects/video-app-frontend/src/components/Icons/AppleIcon.jsx": {"lines":{"total":3,"covered":2,"skipped":0,"pct":66.66},"functions":{"total":1,"covered":0,"skipped":0,"pct":0},"statements":{"total":3,"covered":2,"skipped":0,"pct":66.66},"branches":{"total":2,"covered":0,"skipped":0,"pct":0}}
,"/Users/test/VisualCodeProjects/video-app-frontend/src/components/Icons/ArchiveIcon.jsx": {"lines":{"total":3,"covered":2,"skipped":0,"pct":66.66},"functions":{"total":1,"covered":0,"skipped":0,"pct":0},"statements":{"total":3,"covered":2,"skipped":0,"pct":66.66},"branches":{"total":2,"covered":0,"skipped":0,"pct":0}}
,"/Users/test/VisualCodeProjects/video-app-frontend/src/components/Icons/ArrowDownIcon.jsx": {"lines":{"total":3,"covered":2,"skipped":0,"pct":66.66},"functions":{"total":1,"covered":0,"skipped":0,"pct":0},"statements":{"total":3,"covered":2,"skipped":0,"pct":66.66},"branches":{"total":2,"covered":0,"skipped":0,"pct":0}}
,"/Users/test/VisualCodeProjects/video-app-frontend/src/components/Icons/ArrowLeftIcon.jsx": {"lines":{"total":3,"covered":2,"skipped":0,"pct":66.66},"functions":{"total":1,"covered":0,"skipped":0,"pct":0},"statements":{"total":3,"covered":2,"skipped":0,"pct":66.66},"branches":{"total":2,"covered":0,"skipped":0,"pct":0}}
,"/Users/test/VisualCodeProjects/video-app-frontend/src/components/Icons/ArrowRightMaskIcon.jsx": {"lines":{"total":3,"covered":2,"skipped":0,"pct":66.66},"functions":{"total":1,"covered":0,"skipped":0,"pct":0},"statements":{"total":3,"covered":2,"skipped":0,"pct":66.66},"branches":{"total":1,"covered":0,"skipped":0,"pct":0}}
,"/Users/test/VisualCodeProjects/video-app-frontend/src/components/Icons/ArrowUpCircleIcon.jsx": {"lines":{"total":3,"covered":2,"skipped":0,"pct":66.66},"functions":{"total":1,"covered":0,"skipped":0,"pct":0},"statements":{"total":3,"covered":2,"skipped":0,"pct":66.66},"branches":{"total":3,"covered":0,"skipped":0,"pct":0}}
,"/Users/test/VisualCodeProjects/video-app-frontend/src/components/Icons/ArrowUpIcon.jsx": {"lines":{"total":3,"covered":2,"skipped":0,"pct":66.66},"functions":{"total":1,"covered":0,"skipped":0,"pct":0},"statements":{"total":3,"covered":2,"skipped":0,"pct":66.66},"branches":{"total":2,"covered":0,"skipped":0,"pct":0}}
,"/Users/test/VisualCodeProjects/video-app-frontend/src/components/Icons/AspectRationIcon copy.jsx": {"lines":{"total":3,"covered":0,"skipped":0,"pct":0},"functions":{"total":1,"covered":0,"skipped":0,"pct":0},"statements":{"total":3,"covered":0,"skipped":0,"pct":0},"branches":{"total":2,"covered":0,"skipped":0,"pct":0}}
,"/Users/test/VisualCodeProjects/video-app-frontend/src/components/Icons/AspectRationIcon.jsx": {"lines":{"total":2,"covered":1,"skipped":0,"pct":50},"functions":{"total":1,"covered":0,"skipped":0,"pct":0},"statements":{"total":2,"covered":1,"skipped":0,"pct":50},"branches":{"total":2,"covered":0,"skipped":0,"pct":0}}
,"/Users/test/VisualCodeProjects/video-app-frontend/src/components/Icons/AspectRationIcon11.jsx": {"lines":{"total":2,"covered":1,"skipped":0,"pct":50},"functions":{"total":1,"covered":0,"skipped":0,"pct":0},"statements":{"total":2,"covered":1,"skipped":0,"pct":50},"branches":{"total":2,"covered":0,"skipped":0,"pct":0}}
,"/Users/test/VisualCodeProjects/video-app-frontend/src/components/Icons/AspectRationIcon169.jsx": {"lines":{"total":2,"covered":1,"skipped":0,"pct":50},"functions":{"total":1,"covered":0,"skipped":0,"pct":0},"statements":{"total":2,"covered":1,"skipped":0,"pct":50},"branches":{"total":2,"covered":0,"skipped":0,"pct":0}}
,"/Users/test/VisualCodeProjects/video-app-frontend/src/components/Icons/Audio2VidIcon.jsx": {"lines":{"total":2,"covered":1,"skipped":0,"pct":50},"functions":{"total":1,"covered":0,"skipped":0,"pct":0},"statements":{"total":2,"covered":1,"skipped":0,"pct":50},"branches":{"total":2,"covered":0,"skipped":0,"pct":0}}
,"/Users/test/VisualCodeProjects/video-app-frontend/src/components/Icons/AudioGalleryIcon.jsx": {"lines":{"total":3,"covered":0,"skipped":0,"pct":0},"functions":{"total":1,"covered":0,"skipped":0,"pct":0},"statements":{"total":3,"covered":0,"skipped":0,"pct":0},"branches":{"total":2,"covered":0,"skipped":0,"pct":0}}
,"/Users/test/VisualCodeProjects/video-app-frontend/src/components/Icons/AudioItemIcon.jsx": {"lines":{"total":2,"covered":1,"skipped":0,"pct":50},"functions":{"total":1,"covered":0,"skipped":0,"pct":0},"statements":{"total":2,"covered":1,"skipped":0,"pct":50},"branches":{"total":2,"covered":0,"skipped":0,"pct":0}}
,"/Users/test/VisualCodeProjects/video-app-frontend/src/components/Icons/AudioPlaybackButton.jsx": {"lines":{"total":3,"covered":2,"skipped":0,"pct":66.66},"functions":{"total":1,"covered":0,"skipped":0,"pct":0},"statements":{"total":3,"covered":2,"skipped":0,"pct":66.66},"branches":{"total":2,"covered":0,"skipped":0,"pct":0}}
,"/Users/test/VisualCodeProjects/video-app-frontend/src/components/Icons/AudioSettingsIcon.jsx": {"lines":{"total":3,"covered":2,"skipped":0,"pct":66.66},"functions":{"total":1,"covered":0,"skipped":0,"pct":0},"statements":{"total":3,"covered":2,"skipped":0,"pct":66.66},"branches":{"total":2,"covered":0,"skipped":0,"pct":0}}
,"/Users/test/VisualCodeProjects/video-app-frontend/src/components/Icons/AudioSubtitleIcon.jsx": {"lines":{"total":3,"covered":2,"skipped":0,"pct":66.66},"functions":{"total":1,"covered":0,"skipped":0,"pct":0},"statements":{"total":3,"covered":2,"skipped":0,"pct":66.66},"branches":{"total":3,"covered":0,"skipped":0,"pct":0}}
,"/Users/test/VisualCodeProjects/video-app-frontend/src/components/Icons/AudioToVideoModeIcon.jsx": {"lines":{"total":2,"covered":1,"skipped":0,"pct":50},"functions":{"total":1,"covered":0,"skipped":0,"pct":0},"statements":{"total":2,"covered":1,"skipped":0,"pct":50},"branches":{"total":3,"covered":0,"skipped":0,"pct":0}}
,"/Users/test/VisualCodeProjects/video-app-frontend/src/components/Icons/AvatarGenerationIcon.jsx": {"lines":{"total":3,"covered":2,"skipped":0,"pct":66.66},"functions":{"total":1,"covered":0,"skipped":0,"pct":0},"statements":{"total":3,"covered":2,"skipped":0,"pct":66.66},"branches":{"total":2,"covered":0,"skipped":0,"pct":0}}
,"/Users/test/VisualCodeProjects/video-app-frontend/src/components/Icons/AvatarVoiceIcon.jsx": {"lines":{"total":3,"covered":0,"skipped":0,"pct":0},"functions":{"total":1,"covered":0,"skipped":0,"pct":0},"statements":{"total":3,"covered":0,"skipped":0,"pct":0},"branches":{"total":2,"covered":0,"skipped":0,"pct":0}}
,"/Users/test/VisualCodeProjects/video-app-frontend/src/components/Icons/BackButton.jsx": {"lines":{"total":3,"covered":0,"skipped":0,"pct":0},"functions":{"total":1,"covered":0,"skipped":0,"pct":0},"statements":{"total":3,"covered":0,"skipped":0,"pct":0},"branches":{"total":2,"covered":0,"skipped":0,"pct":0}}
,"/Users/test/VisualCodeProjects/video-app-frontend/src/components/Icons/BackIcon.jsx": {"lines":{"total":3,"covered":2,"skipped":0,"pct":66.66},"functions":{"total":1,"covered":0,"skipped":0,"pct":0},"statements":{"total":3,"covered":2,"skipped":0,"pct":66.66},"branches":{"total":2,"covered":0,"skipped":0,"pct":0}}
,"/Users/test/VisualCodeProjects/video-app-frontend/src/components/Icons/BackSubtitleIcon.jsx": {"lines":{"total":3,"covered":2,"skipped":0,"pct":66.66},"functions":{"total":1,"covered":0,"skipped":0,"pct":0},"statements":{"total":3,"covered":2,"skipped":0,"pct":66.66},"branches":{"total":3,"covered":0,"skipped":0,"pct":0}}
,"/Users/test/VisualCodeProjects/video-app-frontend/src/components/Icons/BackVideoStudioIcon.jsx": {"lines":{"total":3,"covered":2,"skipped":0,"pct":66.66},"functions":{"total":1,"covered":0,"skipped":0,"pct":0},"statements":{"total":3,"covered":2,"skipped":0,"pct":66.66},"branches":{"total":2,"covered":0,"skipped":0,"pct":0}}
,"/Users/test/VisualCodeProjects/video-app-frontend/src/components/Icons/BackgroundGenaiIcon.jsx": {"lines":{"total":8,"covered":0,"skipped":0,"pct":0},"functions":{"total":1,"covered":0,"skipped":0,"pct":0},"statements":{"total":8,"covered":0,"skipped":0,"pct":0},"branches":{"total":2,"covered":0,"skipped":0,"pct":0}}
,"/Users/test/VisualCodeProjects/video-app-frontend/src/components/Icons/BackgroundIcon.jsx": {"lines":{"total":3,"covered":2,"skipped":0,"pct":66.66},"functions":{"total":1,"covered":0,"skipped":0,"pct":0},"statements":{"total":3,"covered":2,"skipped":0,"pct":66.66},"branches":{"total":2,"covered":0,"skipped":0,"pct":0}}
,"/Users/test/VisualCodeProjects/video-app-frontend/src/components/Icons/BackgroundRemovalIcon.jsx": {"lines":{"total":3,"covered":2,"skipped":0,"pct":66.66},"functions":{"total":1,"covered":0,"skipped":0,"pct":0},"statements":{"total":3,"covered":2,"skipped":0,"pct":66.66},"branches":{"total":2,"covered":0,"skipped":0,"pct":0}}
,"/Users/test/VisualCodeProjects/video-app-frontend/src/components/Icons/BeautyIcon.jsx": {"lines":{"total":2,"covered":1,"skipped":0,"pct":50},"functions":{"total":1,"covered":0,"skipped":0,"pct":0},"statements":{"total":2,"covered":1,"skipped":0,"pct":50},"branches":{"total":2,"covered":0,"skipped":0,"pct":0}}
,"/Users/test/VisualCodeProjects/video-app-frontend/src/components/Icons/BellIcon.jsx": {"lines":{"total":2,"covered":1,"skipped":0,"pct":50},"functions":{"total":1,"covered":0,"skipped":0,"pct":0},"statements":{"total":2,"covered":1,"skipped":0,"pct":50},"branches":{"total":3,"covered":0,"skipped":0,"pct":0}}
,"/Users/test/VisualCodeProjects/video-app-frontend/src/components/Icons/BlankProjectIcon.jsx": {"lines":{"total":2,"covered":1,"skipped":0,"pct":50},"functions":{"total":1,"covered":0,"skipped":0,"pct":0},"statements":{"total":2,"covered":1,"skipped":0,"pct":50},"branches":{"total":2,"covered":0,"skipped":0,"pct":0}}
,"/Users/test/VisualCodeProjects/video-app-frontend/src/components/Icons/BottomTextIcon.jsx": {"lines":{"total":3,"covered":2,"skipped":0,"pct":66.66},"functions":{"total":1,"covered":0,"skipped":0,"pct":0},"statements":{"total":3,"covered":2,"skipped":0,"pct":66.66},"branches":{"total":2,"covered":0,"skipped":0,"pct":0}}
,"/Users/test/VisualCodeProjects/video-app-frontend/src/components/Icons/BurgerGalleryIcon.jsx": {"lines":{"total":2,"covered":1,"skipped":0,"pct":50},"functions":{"total":1,"covered":0,"skipped":0,"pct":0},"statements":{"total":2,"covered":1,"skipped":0,"pct":50},"branches":{"total":2,"covered":0,"skipped":0,"pct":0}}
,"/Users/test/VisualCodeProjects/video-app-frontend/src/components/Icons/BurgerMenu.jsx": {"lines":{"total":3,"covered":2,"skipped":0,"pct":66.66},"functions":{"total":1,"covered":0,"skipped":0,"pct":0},"statements":{"total":3,"covered":2,"skipped":0,"pct":66.66},"branches":{"total":2,"covered":0,"skipped":0,"pct":0}}
,"/Users/test/VisualCodeProjects/video-app-frontend/src/components/Icons/CalendarIcon.jsx": {"lines":{"total":3,"covered":2,"skipped":0,"pct":66.66},"functions":{"total":1,"covered":0,"skipped":0,"pct":0},"statements":{"total":3,"covered":2,"skipped":0,"pct":66.66},"branches":{"total":2,"covered":0,"skipped":0,"pct":0}}
,"/Users/test/VisualCodeProjects/video-app-frontend/src/components/Icons/CapitalizeIcon.jsx": {"lines":{"total":3,"covered":0,"skipped":0,"pct":0},"functions":{"total":1,"covered":0,"skipped":0,"pct":0},"statements":{"total":3,"covered":0,"skipped":0,"pct":0},"branches":{"total":2,"covered":0,"skipped":0,"pct":0}}
,"/Users/test/VisualCodeProjects/video-app-frontend/src/components/Icons/CenterAlignTextIcon.jsx": {"lines":{"total":3,"covered":2,"skipped":0,"pct":66.66},"functions":{"total":1,"covered":0,"skipped":0,"pct":0},"statements":{"total":3,"covered":2,"skipped":0,"pct":66.66},"branches":{"total":2,"covered":0,"skipped":0,"pct":0}}
,"/Users/test/VisualCodeProjects/video-app-frontend/src/components/Icons/CenterTextIcon.jsx": {"lines":{"total":3,"covered":2,"skipped":0,"pct":66.66},"functions":{"total":1,"covered":0,"skipped":0,"pct":0},"statements":{"total":3,"covered":2,"skipped":0,"pct":66.66},"branches":{"total":2,"covered":0,"skipped":0,"pct":0}}
,"/Users/test/VisualCodeProjects/video-app-frontend/src/components/Icons/ChangedStoryIocn.jsx": {"lines":{"total":3,"covered":0,"skipped":0,"pct":0},"functions":{"total":1,"covered":0,"skipped":0,"pct":0},"statements":{"total":3,"covered":0,"skipped":0,"pct":0},"branches":{"total":3,"covered":0,"skipped":0,"pct":0}}
,"/Users/test/VisualCodeProjects/video-app-frontend/src/components/Icons/ChatGptIcon.jsx": {"lines":{"total":3,"covered":2,"skipped":0,"pct":66.66},"functions":{"total":1,"covered":0,"skipped":0,"pct":0},"statements":{"total":3,"covered":2,"skipped":0,"pct":66.66},"branches":{"total":2,"covered":0,"skipped":0,"pct":0}}
,"/Users/test/VisualCodeProjects/video-app-frontend/src/components/Icons/ChatGptIconRedesign.jsx": {"lines":{"total":3,"covered":2,"skipped":0,"pct":66.66},"functions":{"total":1,"covered":0,"skipped":0,"pct":0},"statements":{"total":3,"covered":2,"skipped":0,"pct":66.66},"branches":{"total":2,"covered":0,"skipped":0,"pct":0}}
,"/Users/test/VisualCodeProjects/video-app-frontend/src/components/Icons/ChatGptNavigationIcon.jsx": {"lines":{"total":3,"covered":2,"skipped":0,"pct":66.66},"functions":{"total":1,"covered":0,"skipped":0,"pct":0},"statements":{"total":3,"covered":2,"skipped":0,"pct":66.66},"branches":{"total":2,"covered":0,"skipped":0,"pct":0}}
,"/Users/test/VisualCodeProjects/video-app-frontend/src/components/Icons/CheckBoxBlackIcon.jsx": {"lines":{"total":3,"covered":2,"skipped":0,"pct":66.66},"functions":{"total":1,"covered":0,"skipped":0,"pct":0},"statements":{"total":3,"covered":2,"skipped":0,"pct":66.66},"branches":{"total":2,"covered":0,"skipped":0,"pct":0}}
,"/Users/test/VisualCodeProjects/video-app-frontend/src/components/Icons/CheckBoxIcon.jsx": {"lines":{"total":3,"covered":2,"skipped":0,"pct":66.66},"functions":{"total":1,"covered":0,"skipped":0,"pct":0},"statements":{"total":3,"covered":2,"skipped":0,"pct":66.66},"branches":{"total":2,"covered":0,"skipped":0,"pct":0}}
,"/Users/test/VisualCodeProjects/video-app-frontend/src/components/Icons/CheckIcon.jsx": {"lines":{"total":3,"covered":2,"skipped":0,"pct":66.66},"functions":{"total":1,"covered":0,"skipped":0,"pct":0},"statements":{"total":3,"covered":2,"skipped":0,"pct":66.66},"branches":{"total":2,"covered":0,"skipped":0,"pct":0}}
,"/Users/test/VisualCodeProjects/video-app-frontend/src/components/Icons/CheckMarkFilledIcon.jsx": {"lines":{"total":2,"covered":1,"skipped":0,"pct":50},"functions":{"total":1,"covered":0,"skipped":0,"pct":0},"statements":{"total":2,"covered":1,"skipped":0,"pct":50},"branches":{"total":2,"covered":0,"skipped":0,"pct":0}}
,"/Users/test/VisualCodeProjects/video-app-frontend/src/components/Icons/CheckedBtnIcon.jsx": {"lines":{"total":3,"covered":2,"skipped":0,"pct":66.66},"functions":{"total":1,"covered":0,"skipped":0,"pct":0},"statements":{"total":3,"covered":2,"skipped":0,"pct":66.66},"branches":{"total":2,"covered":0,"skipped":0,"pct":0}}
,"/Users/test/VisualCodeProjects/video-app-frontend/src/components/Icons/CheckedIcon.jsx": {"lines":{"total":3,"covered":2,"skipped":0,"pct":66.66},"functions":{"total":1,"covered":0,"skipped":0,"pct":0},"statements":{"total":3,"covered":2,"skipped":0,"pct":66.66},"branches":{"total":2,"covered":0,"skipped":0,"pct":0}}
,"/Users/test/VisualCodeProjects/video-app-frontend/src/components/Icons/CheckmarkIcon.jsx": {"lines":{"total":2,"covered":1,"skipped":0,"pct":50},"functions":{"total":1,"covered":0,"skipped":0,"pct":0},"statements":{"total":2,"covered":1,"skipped":0,"pct":50},"branches":{"total":2,"covered":0,"skipped":0,"pct":0}}
,"/Users/test/VisualCodeProjects/video-app-frontend/src/components/Icons/ChevronDownIcon.jsx": {"lines":{"total":2,"covered":2,"skipped":0,"pct":100},"functions":{"total":1,"covered":1,"skipped":0,"pct":100},"statements":{"total":2,"covered":2,"skipped":0,"pct":100},"branches":{"total":0,"covered":0,"skipped":0,"pct":100}}
,"/Users/test/VisualCodeProjects/video-app-frontend/src/components/Icons/ChevronRightIcon.jsx": {"lines":{"total":2,"covered":2,"skipped":0,"pct":100},"functions":{"total":1,"covered":1,"skipped":0,"pct":100},"statements":{"total":2,"covered":2,"skipped":0,"pct":100},"branches":{"total":2,"covered":1,"skipped":0,"pct":50}}
,"/Users/test/VisualCodeProjects/video-app-frontend/src/components/Icons/ChevronUpSmallIcon.jsx": {"lines":{"total":2,"covered":1,"skipped":0,"pct":50},"functions":{"total":1,"covered":0,"skipped":0,"pct":0},"statements":{"total":2,"covered":1,"skipped":0,"pct":50},"branches":{"total":5,"covered":0,"skipped":0,"pct":0}}
,"/Users/test/VisualCodeProjects/video-app-frontend/src/components/Icons/ChoosenIcon.jsx": {"lines":{"total":3,"covered":2,"skipped":0,"pct":66.66},"functions":{"total":1,"covered":0,"skipped":0,"pct":0},"statements":{"total":3,"covered":2,"skipped":0,"pct":66.66},"branches":{"total":2,"covered":0,"skipped":0,"pct":0}}
,"/Users/test/VisualCodeProjects/video-app-frontend/src/components/Icons/ChosenIcon.jsx": {"lines":{"total":3,"covered":2,"skipped":0,"pct":66.66},"functions":{"total":1,"covered":0,"skipped":0,"pct":0},"statements":{"total":3,"covered":2,"skipped":0,"pct":66.66},"branches":{"total":2,"covered":0,"skipped":0,"pct":0}}
,"/Users/test/VisualCodeProjects/video-app-frontend/src/components/Icons/CircleIcon.jsx": {"lines":{"total":3,"covered":2,"skipped":0,"pct":66.66},"functions":{"total":1,"covered":0,"skipped":0,"pct":0},"statements":{"total":3,"covered":2,"skipped":0,"pct":66.66},"branches":{"total":2,"covered":0,"skipped":0,"pct":0}}
,"/Users/test/VisualCodeProjects/video-app-frontend/src/components/Icons/CircleMaskIcon.jsx": {"lines":{"total":3,"covered":2,"skipped":0,"pct":66.66},"functions":{"total":1,"covered":0,"skipped":0,"pct":0},"statements":{"total":3,"covered":2,"skipped":0,"pct":66.66},"branches":{"total":1,"covered":0,"skipped":0,"pct":0}}
,"/Users/test/VisualCodeProjects/video-app-frontend/src/components/Icons/ClearIcon.jsx": {"lines":{"total":2,"covered":1,"skipped":0,"pct":50},"functions":{"total":1,"covered":0,"skipped":0,"pct":0},"statements":{"total":2,"covered":1,"skipped":0,"pct":50},"branches":{"total":3,"covered":0,"skipped":0,"pct":0}}
,"/Users/test/VisualCodeProjects/video-app-frontend/src/components/Icons/ClearSubtitleIcon.jsx": {"lines":{"total":2,"covered":0,"skipped":0,"pct":0},"functions":{"total":1,"covered":0,"skipped":0,"pct":0},"statements":{"total":2,"covered":0,"skipped":0,"pct":0},"branches":{"total":0,"covered":0,"skipped":0,"pct":100}}
,"/Users/test/VisualCodeProjects/video-app-frontend/src/components/Icons/ClockIcon.jsx": {"lines":{"total":3,"covered":2,"skipped":0,"pct":66.66},"functions":{"total":1,"covered":0,"skipped":0,"pct":0},"statements":{"total":3,"covered":2,"skipped":0,"pct":66.66},"branches":{"total":2,"covered":0,"skipped":0,"pct":0}}
,"/Users/test/VisualCodeProjects/video-app-frontend/src/components/Icons/ClockLoaderIcon.jsx": {"lines":{"total":3,"covered":2,"skipped":0,"pct":66.66},"functions":{"total":1,"covered":0,"skipped":0,"pct":0},"statements":{"total":3,"covered":2,"skipped":0,"pct":66.66},"branches":{"total":2,"covered":0,"skipped":0,"pct":0}}
,"/Users/test/VisualCodeProjects/video-app-frontend/src/components/Icons/CloseAiIcon.jsx": {"lines":{"total":3,"covered":2,"skipped":0,"pct":66.66},"functions":{"total":1,"covered":0,"skipped":0,"pct":0},"statements":{"total":3,"covered":2,"skipped":0,"pct":66.66},"branches":{"total":2,"covered":0,"skipped":0,"pct":0}}
,"/Users/test/VisualCodeProjects/video-app-frontend/src/components/Icons/CloseIcon.jsx": {"lines":{"total":3,"covered":2,"skipped":0,"pct":66.66},"functions":{"total":1,"covered":0,"skipped":0,"pct":0},"statements":{"total":3,"covered":2,"skipped":0,"pct":66.66},"branches":{"total":5,"covered":0,"skipped":0,"pct":0}}
,"/Users/test/VisualCodeProjects/video-app-frontend/src/components/Icons/CloseSmallIcon.jsx": {"lines":{"total":2,"covered":1,"skipped":0,"pct":50},"functions":{"total":1,"covered":0,"skipped":0,"pct":0},"statements":{"total":2,"covered":1,"skipped":0,"pct":50},"branches":{"total":0,"covered":0,"skipped":0,"pct":100}}
,"/Users/test/VisualCodeProjects/video-app-frontend/src/components/Icons/CloudRenderIcon.jsx": {"lines":{"total":3,"covered":2,"skipped":0,"pct":66.66},"functions":{"total":1,"covered":0,"skipped":0,"pct":0},"statements":{"total":3,"covered":2,"skipped":0,"pct":66.66},"branches":{"total":2,"covered":0,"skipped":0,"pct":0}}
,"/Users/test/VisualCodeProjects/video-app-frontend/src/components/Icons/CollapsFullscreenIcon.jsx": {"lines":{"total":3,"covered":2,"skipped":0,"pct":66.66},"functions":{"total":1,"covered":0,"skipped":0,"pct":0},"statements":{"total":3,"covered":2,"skipped":0,"pct":66.66},"branches":{"total":2,"covered":0,"skipped":0,"pct":0}}
,"/Users/test/VisualCodeProjects/video-app-frontend/src/components/Icons/ColonIcon.jsx": {"lines":{"total":3,"covered":2,"skipped":0,"pct":66.66},"functions":{"total":1,"covered":0,"skipped":0,"pct":0},"statements":{"total":3,"covered":2,"skipped":0,"pct":66.66},"branches":{"total":3,"covered":0,"skipped":0,"pct":0}}
,"/Users/test/VisualCodeProjects/video-app-frontend/src/components/Icons/CommaIcon.jsx": {"lines":{"total":3,"covered":2,"skipped":0,"pct":66.66},"functions":{"total":1,"covered":0,"skipped":0,"pct":0},"statements":{"total":3,"covered":2,"skipped":0,"pct":66.66},"branches":{"total":3,"covered":0,"skipped":0,"pct":0}}
,"/Users/test/VisualCodeProjects/video-app-frontend/src/components/Icons/CompactIcon.jsx": {"lines":{"total":3,"covered":2,"skipped":0,"pct":66.66},"functions":{"total":1,"covered":0,"skipped":0,"pct":0},"statements":{"total":3,"covered":2,"skipped":0,"pct":66.66},"branches":{"total":2,"covered":0,"skipped":0,"pct":0}}
,"/Users/test/VisualCodeProjects/video-app-frontend/src/components/Icons/ControlNetIcon.jsx": {"lines":{"total":3,"covered":2,"skipped":0,"pct":66.66},"functions":{"total":1,"covered":0,"skipped":0,"pct":0},"statements":{"total":3,"covered":2,"skipped":0,"pct":66.66},"branches":{"total":2,"covered":0,"skipped":0,"pct":0}}
,"/Users/test/VisualCodeProjects/video-app-frontend/src/components/Icons/CopyIcon.jsx": {"lines":{"total":3,"covered":0,"skipped":0,"pct":0},"functions":{"total":1,"covered":0,"skipped":0,"pct":0},"statements":{"total":3,"covered":0,"skipped":0,"pct":0},"branches":{"total":2,"covered":0,"skipped":0,"pct":0}}
,"/Users/test/VisualCodeProjects/video-app-frontend/src/components/Icons/CreateVoiceoverBtnIcon.jsx": {"lines":{"total":3,"covered":2,"skipped":0,"pct":66.66},"functions":{"total":1,"covered":0,"skipped":0,"pct":0},"statements":{"total":3,"covered":2,"skipped":0,"pct":66.66},"branches":{"total":2,"covered":0,"skipped":0,"pct":0}}
,"/Users/test/VisualCodeProjects/video-app-frontend/src/components/Icons/CreateVoiceoverIcon.jsx": {"lines":{"total":3,"covered":2,"skipped":0,"pct":66.66},"functions":{"total":1,"covered":0,"skipped":0,"pct":0},"statements":{"total":3,"covered":2,"skipped":0,"pct":66.66},"branches":{"total":2,"covered":0,"skipped":0,"pct":0}}
,"/Users/test/VisualCodeProjects/video-app-frontend/src/components/Icons/Credits.jsx": {"lines":{"total":2,"covered":1,"skipped":0,"pct":50},"functions":{"total":1,"covered":0,"skipped":0,"pct":0},"statements":{"total":2,"covered":1,"skipped":0,"pct":50},"branches":{"total":2,"covered":0,"skipped":0,"pct":0}}
[...]
,"/Users/test/VisualCodeProjects/video-app-frontend/src/utils/size.js": {"lines":{"total":12,"covered":0,"skipped":0,"pct":0},"functions":{"total":1,"covered":0,"skipped":0,"pct":0},"statements":{"total":12,"covered":0,"skipped":0,"pct":0},"branches":{"total":7,"covered":0,"skipped":0,"pct":0}}
,"/Users/test/VisualCodeProjects/video-app-frontend/src/utils/socketUpload.js": {"lines":{"total":190,"covered":10,"skipped":0,"pct":5.26},"functions":{"total":34,"covered":0,"skipped":0,"pct":0},"statements":{"total":218,"covered":10,"skipped":0,"pct":4.58},"branches":{"total":122,"covered":0,"skipped":0,"pct":0}}
,"/Users/test/VisualCodeProjects/video-app-frontend/src/utils/styleNameToRating.js": {"lines":{"total":12,"covered":4,"skipped":0,"pct":33.33},"functions":{"total":4,"covered":0,"skipped":0,"pct":0},"statements":{"total":16,"covered":4,"skipped":0,"pct":25},"branches":{"total":16,"covered":0,"skipped":0,"pct":0}}
,"/Users/test/VisualCodeProjects/video-app-frontend/src/utils/subscription.js": {"lines":{"total":78,"covered":74,"skipped":0,"pct":94.87},"functions":{"total":15,"covered":14,"skipped":0,"pct":93.33},"statements":{"total":78,"covered":74,"skipped":0,"pct":94.87},"branches":{"total":2,"covered":2,"skipped":0,"pct":100}}
,"/Users/test/VisualCodeProjects/video-app-frontend/src/utils/subtitlesApi.js": {"lines":{"total":28,"covered":0,"skipped":0,"pct":0},"functions":{"total":5,"covered":0,"skipped":0,"pct":0},"statements":{"total":28,"covered":0,"skipped":0,"pct":0},"branches":{"total":0,"covered":0,"skipped":0,"pct":100}}
,"/Users/test/VisualCodeProjects/video-app-frontend/src/utils/syncSceneImages.js": {"lines":{"total":101,"covered":0,"skipped":0,"pct":0},"functions":{"total":24,"covered":0,"skipped":0,"pct":0},"statements":{"total":109,"covered":0,"skipped":0,"pct":0},"branches":{"total":111,"covered":0,"skipped":0,"pct":0}}
,"/Users/test/VisualCodeProjects/video-app-frontend/src/utils/testLogger.js": {"lines":{"total":66,"covered":0,"skipped":0,"pct":0},"functions":{"total":12,"covered":0,"skipped":0,"pct":0},"statements":{"total":68,"covered":0,"skipped":0,"pct":0},"branches":{"total":45,"covered":0,"skipped":0,"pct":0}}
,"/Users/test/VisualCodeProjects/video-app-frontend/src/utils/testUtils.js": {"lines":{"total":46,"covered":13,"skipped":0,"pct":28.26},"functions":{"total":17,"covered":1,"skipped":0,"pct":5.88},"statements":{"total":46,"covered":13,"skipped":0,"pct":28.26},"branches":{"total":42,"covered":0,"skipped":0,"pct":0}}
,"/Users/test/VisualCodeProjects/video-app-frontend/src/utils/textProcessing.js": {"lines":{"total":132,"covered":0,"skipped":0,"pct":0},"functions":{"total":20,"covered":0,"skipped":0,"pct":0},"statements":{"total":140,"covered":0,"skipped":0,"pct":0},"branches":{"total":68,"covered":0,"skipped":0,"pct":0}}
,"/Users/test/VisualCodeProjects/video-app-frontend/src/utils/textareaCaretCoordinates.js": {"lines":{"total":29,"covered":0,"skipped":0,"pct":0},"functions":{"total":2,"covered":0,"skipped":0,"pct":0},"statements":{"total":31,"covered":0,"skipped":0,"pct":0},"branches":{"total":13,"covered":0,"skipped":0,"pct":0}}
,"/Users/test/VisualCodeProjects/video-app-frontend/src/utils/timelineSnapshotHelpers.js": {"lines":{"total":18,"covered":9,"skipped":0,"pct":50},"functions":{"total":10,"covered":4,"skipped":0,"pct":40},"statements":{"total":20,"covered":10,"skipped":0,"pct":50},"branches":{"total":34,"covered":15,"skipped":0,"pct":44.11}}
,"/Users/test/VisualCodeProjects/video-app-frontend/src/utils/timelineStorageKeys.js": {"lines":{"total":1,"covered":1,"skipped":0,"pct":100},"functions":{"total":1,"covered":1,"skipped":0,"pct":100},"statements":{"total":2,"covered":2,"skipped":0,"pct":100},"branches":{"total":0,"covered":0,"skipped":0,"pct":100}}
,"/Users/test/VisualCodeProjects/video-app-frontend/src/utils/tryGetMediaDimensions.js": {"lines":{"total":101,"covered":0,"skipped":0,"pct":0},"functions":{"total":20,"covered":0,"skipped":0,"pct":0},"statements":{"total":112,"covered":0,"skipped":0,"pct":0},"branches":{"total":69,"covered":0,"skipped":0,"pct":0}}
,"/Users/test/VisualCodeProjects/video-app-frontend/src/utils/uploadAnalytics.js": {"lines":{"total":23,"covered":4,"skipped":0,"pct":17.39},"functions":{"total":4,"covered":0,"skipped":0,"pct":0},"statements":{"total":23,"covered":4,"skipped":0,"pct":17.39},"branches":{"total":38,"covered":0,"skipped":0,"pct":0}}
,"/Users/test/VisualCodeProjects/video-app-frontend/src/utils/uploadEstimation.js": {"lines":{"total":187,"covered":109,"skipped":0,"pct":58.28},"functions":{"total":19,"covered":8,"skipped":0,"pct":42.1},"statements":{"total":221,"covered":119,"skipped":0,"pct":53.84},"branches":{"total":205,"covered":81,"skipped":0,"pct":39.51}}
,"/Users/test/VisualCodeProjects/video-app-frontend/src/utils/uploadFromUrl.js": {"lines":{"total":114,"covered":0,"skipped":0,"pct":0},"functions":{"total":9,"covered":0,"skipped":0,"pct":0},"statements":{"total":118,"covered":0,"skipped":0,"pct":0},"branches":{"total":97,"covered":0,"skipped":0,"pct":0}}
,"/Users/test/VisualCodeProjects/video-app-frontend/src/utils/uploadImage.js": {"lines":{"total":10,"covered":9,"skipped":0,"pct":90},"functions":{"total":2,"covered":2,"skipped":0,"pct":100},"statements":{"total":10,"covered":9,"skipped":0,"pct":90},"branches":{"total":0,"covered":0,"skipped":0,"pct":100}}
,"/Users/test/VisualCodeProjects/video-app-frontend/src/utils/users.js": {"lines":{"total":24,"covered":5,"skipped":0,"pct":20.83},"functions":{"total":4,"covered":0,"skipped":0,"pct":0},"statements":{"total":24,"covered":5,"skipped":0,"pct":20.83},"branches":{"total":0,"covered":0,"skipped":0,"pct":100}}
,"/Users/test/VisualCodeProjects/video-app-frontend/src/utils/versionCheck.js": {"lines":{"total":15,"covered":0,"skipped":0,"pct":0},"functions":{"total":2,"covered":0,"skipped":0,"pct":0},"statements":{"total":15,"covered":0,"skipped":0,"pct":0},"branches":{"total":12,"covered":0,"skipped":0,"pct":0}}
,"/Users/test/VisualCodeProjects/video-app-frontend/src/utils/videoAudioUtils.js": {"lines":{"total":170,"covered":56,"skipped":0,"pct":32.94},"functions":{"total":28,"covered":5,"skipped":0,"pct":17.85},"statements":{"total":176,"covered":57,"skipped":0,"pct":32.38},"branches":{"total":67,"covered":9,"skipped":0,"pct":13.43}}
,"/Users/test/VisualCodeProjects/video-app-frontend/src/utils/videoLazyPlaceholder.js": {"lines":{"total":92,"covered":40,"skipped":0,"pct":43.47},"functions":{"total":15,"covered":7,"skipped":0,"pct":46.66},"statements":{"total":106,"covered":43,"skipped":0,"pct":40.56},"branches":{"total":115,"covered":29,"skipped":0,"pct":25.21}}
,"/Users/test/VisualCodeProjects/video-app-frontend/src/utils/videoMetadata.js": {"lines":{"total":20,"covered":0,"skipped":0,"pct":0},"functions":{"total":6,"covered":0,"skipped":0,"pct":0},"statements":{"total":24,"covered":0,"skipped":0,"pct":0},"branches":{"total":6,"covered":0,"skipped":0,"pct":0}}
,"/Users/test/VisualCodeProjects/video-app-frontend/src/utils/videoPreview.js": {"lines":{"total":18,"covered":0,"skipped":0,"pct":0},"functions":{"total":5,"covered":0,"skipped":0,"pct":0},"statements":{"total":20,"covered":0,"skipped":0,"pct":0},"branches":{"total":6,"covered":0,"skipped":0,"pct":0}}
,"/Users/test/VisualCodeProjects/video-app-frontend/src/utils/videoSprite.js": {"lines":{"total":29,"covered":0,"skipped":0,"pct":0},"functions":{"total":4,"covered":0,"skipped":0,"pct":0},"statements":{"total":30,"covered":0,"skipped":0,"pct":0},"branches":{"total":4,"covered":0,"skipped":0,"pct":0}}
,"/Users/test/VisualCodeProjects/video-app-frontend/src/utils/visualEffectsApi.js": {"lines":{"total":12,"covered":0,"skipped":0,"pct":0},"functions":{"total":2,"covered":0,"skipped":0,"pct":0},"statements":{"total":12,"covered":0,"skipped":0,"pct":0},"branches":{"total":7,"covered":0,"skipped":0,"pct":0}}
,"/Users/test/VisualCodeProjects/video-app-frontend/src/utils/voiceStudioActiveIds.js": {"lines":{"total":22,"covered":0,"skipped":0,"pct":0},"functions":{"total":3,"covered":0,"skipped":0,"pct":0},"statements":{"total":27,"covered":0,"skipped":0,"pct":0},"branches":{"total":12,"covered":0,"skipped":0,"pct":0}}
,"/Users/test/VisualCodeProjects/video-app-frontend/src/utils/voiceoverGeneratePayloadLog.js": {"lines":{"total":3,"covered":1,"skipped":0,"pct":33.33},"functions":{"total":1,"covered":0,"skipped":0,"pct":0},"statements":{"total":3,"covered":1,"skipped":0,"pct":33.33},"branches":{"total":0,"covered":0,"skipped":0,"pct":100}}
,"/Users/test/VisualCodeProjects/video-app-frontend/src/utils/voiceoverNaming.js": {"lines":{"total":56,"covered":54,"skipped":0,"pct":96.42},"functions":{"total":16,"covered":16,"skipped":0,"pct":100},"statements":{"total":63,"covered":56,"skipped":0,"pct":88.88},"branches":{"total":62,"covered":39,"skipped":0,"pct":62.9}}
,"/Users/test/VisualCodeProjects/video-app-frontend/src/utils/wallet.js": {"lines":{"total":29,"covered":4,"skipped":0,"pct":13.79},"functions":{"total":2,"covered":0,"skipped":0,"pct":0},"statements":{"total":33,"covered":4,"skipped":0,"pct":12.12},"branches":{"total":18,"covered":0,"skipped":0,"pct":0}}
,"/Users/test/VisualCodeProjects/video-app-frontend/src/utils/ai/elevenlabs.js": {"lines":{"total":23,"covered":0,"skipped":0,"pct":0},"functions":{"total":4,"covered":0,"skipped":0,"pct":0},"statements":{"total":23,"covered":0,"skipped":0,"pct":0},"branches":{"total":2,"covered":0,"skipped":0,"pct":0}}
,"/Users/test/VisualCodeProjects/video-app-frontend/src/utils/ai/falApi.js": {"lines":{"total":29,"covered":0,"skipped":0,"pct":0},"functions":{"total":5,"covered":0,"skipped":0,"pct":0},"statements":{"total":29,"covered":0,"skipped":0,"pct":0},"branches":{"total":18,"covered":0,"skipped":0,"pct":0}}
,"/Users/test/VisualCodeProjects/video-app-frontend/src/utils/ai/geminiApi.js": {"lines":{"total":11,"covered":0,"skipped":0,"pct":0},"functions":{"total":2,"covered":0,"skipped":0,"pct":0},"statements":{"total":11,"covered":0,"skipped":0,"pct":0},"branches":{"total":0,"covered":0,"skipped":0,"pct":100}}
,"/Users/test/VisualCodeProjects/video-app-frontend/src/utils/ai/gptApi.js": {"lines":{"total":123,"covered":0,"skipped":0,"pct":0},"functions":{"total":17,"covered":0,"skipped":0,"pct":0},"statements":{"total":126,"covered":0,"skipped":0,"pct":0},"branches":{"total":33,"covered":0,"skipped":0,"pct":0}}
,"/Users/test/VisualCodeProjects/video-app-frontend/src/utils/ai/leonardoApi.js": {"lines":{"total":126,"covered":0,"skipped":0,"pct":0},"functions":{"total":19,"covered":0,"skipped":0,"pct":0},"statements":{"total":127,"covered":0,"skipped":0,"pct":0},"branches":{"total":21,"covered":0,"skipped":0,"pct":0}}
,"/Users/test/VisualCodeProjects/video-app-frontend/src/utils/ai/modelslab.js": {"lines":{"total":10,"covered":0,"skipped":0,"pct":0},"functions":{"total":2,"covered":0,"skipped":0,"pct":0},"statements":{"total":10,"covered":0,"skipped":0,"pct":0},"branches":{"total":0,"covered":0,"skipped":0,"pct":100}}
,"/Users/test/VisualCodeProjects/video-app-frontend/src/utils/ai/polloApi.js": {"lines":{"total":7,"covered":0,"skipped":0,"pct":0},"functions":{"total":4,"covered":0,"skipped":0,"pct":0},"statements":{"total":7,"covered":0,"skipped":0,"pct":0},"branches":{"total":4,"covered":0,"skipped":0,"pct":0}}
,"/Users/test/VisualCodeProjects/video-app-frontend/src/utils/ai/providerExtractor.js": {"lines":{"total":14,"covered":0,"skipped":0,"pct":0},"functions":{"total":1,"covered":0,"skipped":0,"pct":0},"statements":{"total":26,"covered":0,"skipped":0,"pct":0},"branches":{"total":24,"covered":0,"skipped":0,"pct":0}}
,"/Users/test/VisualCodeProjects/video-app-frontend/src/utils/analytics/amplitudeConfig.js": {"lines":{"total":10,"covered":9,"skipped":0,"pct":90},"functions":{"total":4,"covered":3,"skipped":0,"pct":75},"statements":{"total":12,"covered":10,"skipped":0,"pct":83.33},"branches":{"total":8,"covered":5,"skipped":0,"pct":62.5}}
,"/Users/test/VisualCodeProjects/video-app-frontend/src/utils/analytics/amplitudeInit.js": {"lines":{"total":0,"covered":0,"skipped":0,"pct":100},"functions":{"total":0,"covered":0,"skipped":0,"pct":100},"statements":{"total":0,"covered":0,"skipped":0,"pct":100},"branches":{"total":0,"covered":0,"skipped":0,"pct":100}}
,"/Users/test/VisualCodeProjects/video-app-frontend/src/utils/analytics/checkoutListPrice.js": {"lines":{"total":23,"covered":23,"skipped":0,"pct":100},"functions":{"total":3,"covered":3,"skipped":0,"pct":100},"statements":{"total":26,"covered":25,"skipped":0,"pct":96.15},"branches":{"total":31,"covered":27,"skipped":0,"pct":87.09}}
,"/Users/test/VisualCodeProjects/video-app-frontend/src/utils/analytics/checkoutSession.js": {"lines":{"total":11,"covered":8,"skipped":0,"pct":72.72},"functions":{"total":2,"covered":2,"skipped":0,"pct":100},"statements":{"total":12,"covered":9,"skipped":0,"pct":75},"branches":{"total":2,"covered":1,"skipped":0,"pct":50}}
,"/Users/test/VisualCodeProjects/video-app-frontend/src/utils/analytics/eventNames.js": {"lines":{"total":1,"covered":1,"skipped":0,"pct":100},"functions":{"total":0,"covered":0,"skipped":0,"pct":100},"statements":{"total":1,"covered":1,"skipped":0,"pct":100},"branches":{"total":0,"covered":0,"skipped":0,"pct":100}}
,"/Users/test/VisualCodeProjects/video-app-frontend/src/utils/analytics/eventPropertyKeys.js": {"lines":{"total":1,"covered":1,"skipped":0,"pct":100},"functions":{"total":0,"covered":0,"skipped":0,"pct":100},"statements":{"total":1,"covered":1,"skipped":0,"pct":100},"branches":{"total":0,"covered":0,"skipped":0,"pct":100}}
,"/Users/test/VisualCodeProjects/video-app-frontend/src/utils/analytics/index.js": {"lines":{"total":0,"covered":0,"skipped":0,"pct":100},"functions":{"total":0,"covered":0,"skipped":0,"pct":100},"statements":{"total":0,"covered":0,"skipped":0,"pct":100},"branches":{"total":0,"covered":0,"skipped":0,"pct":100}}
,"/Users/test/VisualCodeProjects/video-app-frontend/src/utils/analytics/priorityEventContracts.js": {"lines":{"total":5,"covered":5,"skipped":0,"pct":100},"functions":{"total":0,"covered":0,"skipped":0,"pct":100},"statements":{"total":5,"covered":5,"skipped":0,"pct":100},"branches":{"total":0,"covered":0,"skipped":0,"pct":100}}
,"/Users/test/VisualCodeProjects/video-app-frontend/src/utils/analytics/priorityEvents.js": {"lines":{"total":25,"covered":20,"skipped":0,"pct":80},"functions":{"total":9,"covered":7,"skipped":0,"pct":77.77},"statements":{"total":26,"covered":21,"skipped":0,"pct":80.76},"branches":{"total":13,"covered":6,"skipped":0,"pct":46.15}}
,"/Users/test/VisualCodeProjects/video-app-frontend/src/utils/analytics/taxonomy.js": {"lines":{"total":23,"covered":16,"skipped":0,"pct":69.56},"functions":{"total":5,"covered":4,"skipped":0,"pct":80},"statements":{"total":29,"covered":19,"skipped":0,"pct":65.51},"branches":{"total":15,"covered":5,"skipped":0,"pct":33.33}}
,"/Users/test/VisualCodeProjects/video-app-frontend/src/utils/analytics/trackEvent.js": {"lines":{"total":21,"covered":8,"skipped":0,"pct":38.09},"functions":{"total":12,"covered":2,"skipped":0,"pct":16.66},"statements":{"total":21,"covered":8,"skipped":0,"pct":38.09},"branches":{"total":5,"covered":2,"skipped":0,"pct":40}}
,"/Users/test/VisualCodeProjects/video-app-frontend/src/utils/analytics/userIdentity.js": {"lines":{"total":0,"covered":0,"skipped":0,"pct":100},"functions":{"total":0,"covered":0,"skipped":0,"pct":100},"statements":{"total":0,"covered":0,"skipped":0,"pct":100},"branches":{"total":0,"covered":0,"skipped":0,"pct":100}}
,"/Users/test/VisualCodeProjects/video-app-frontend/src/utils/analytics/videoCreationAnalytics.js": {"lines":{"total":12,"covered":10,"skipped":0,"pct":83.33},"functions":{"total":3,"covered":3,"skipped":0,"pct":100},"statements":{"total":12,"covered":10,"skipped":0,"pct":83.33},"branches":{"total":11,"covered":7,"skipped":0,"pct":63.63}}
,"/Users/test/VisualCodeProjects/video-app-frontend/src/utils/dnd/unifiedDropZone.js": {"lines":{"total":195,"covered":53,"skipped":0,"pct":27.17},"functions":{"total":30,"covered":6,"skipped":0,"pct":20},"statements":{"total":208,"covered":53,"skipped":0,"pct":25.48},"branches":{"total":128,"covered":15,"skipped":0,"pct":11.71}}
,"/Users/test/VisualCodeProjects/video-app-frontend/src/utils/gl-transitions/GLTransitionRenderer.js": {"lines":{"total":194,"covered":0,"skipped":0,"pct":0},"functions":{"total":23,"covered":0,"skipped":0,"pct":0},"statements":{"total":196,"covered":0,"skipped":0,"pct":0},"branches":{"total":87,"covered":0,"skipped":0,"pct":0}}
,"/Users/test/VisualCodeProjects/video-app-frontend/src/utils/gl-transitions/PooledGLTransitionRenderer.js": {"lines":{"total":135,"covered":0,"skipped":0,"pct":0},"functions":{"total":14,"covered":0,"skipped":0,"pct":0},"statements":{"total":146,"covered":0,"skipped":0,"pct":0},"branches":{"total":82,"covered":0,"skipped":0,"pct":0}}
,"/Users/test/VisualCodeProjects/video-app-frontend/src/utils/gl-transitions/SharedGLContext.js": {"lines":{"total":150,"covered":0,"skipped":0,"pct":0},"functions":{"total":18,"covered":0,"skipped":0,"pct":0},"statements":{"total":158,"covered":0,"skipped":0,"pct":0},"branches":{"total":75,"covered":0,"skipped":0,"pct":0}}
,"/Users/test/VisualCodeProjects/video-app-frontend/src/utils/gl-transitions/index.js": {"lines":{"total":0,"covered":0,"skipped":0,"pct":100},"functions":{"total":0,"covered":0,"skipped":0,"pct":100},"statements":{"total":0,"covered":0,"skipped":0,"pct":100},"branches":{"total":0,"covered":0,"skipped":0,"pct":100}}
,"/Users/test/VisualCodeProjects/video-app-frontend/src/utils/gl-transitions/placeholder.js": {"lines":{"total":3,"covered":0,"skipped":0,"pct":0},"functions":{"total":0,"covered":0,"skipped":0,"pct":100},"statements":{"total":3,"covered":0,"skipped":0,"pct":0},"branches":{"total":0,"covered":0,"skipped":0,"pct":100}}
,"/Users/test/VisualCodeProjects/video-app-frontend/src/utils/gl-transitions/transition-definitions.js": {"lines":{"total":1,"covered":0,"skipped":0,"pct":0},"functions":{"total":0,"covered":0,"skipped":0,"pct":100},"statements":{"total":1,"covered":0,"skipped":0,"pct":0},"branches":{"total":0,"covered":0,"skipped":0,"pct":100}}
,"/Users/test/VisualCodeProjects/video-app-frontend/src/utils/gl-transitions/transitions.js": {"lines":{"total":47,"covered":0,"skipped":0,"pct":0},"functions":{"total":8,"covered":0,"skipped":0,"pct":0},"statements":{"total":49,"covered":0,"skipped":0,"pct":0},"branches":{"total":76,"covered":0,"skipped":0,"pct":0}}
,"/Users/test/VisualCodeProjects/video-app-frontend/src/utils/gl-transitions/webgl-utils.js": {"lines":{"total":42,"covered":0,"skipped":0,"pct":0},"functions":{"total":10,"covered":0,"skipped":0,"pct":0},"statements":{"total":44,"covered":0,"skipped":0,"pct":0},"branches":{"total":4,"covered":0,"skipped":0,"pct":0}}
,"/Users/test/VisualCodeProjects/video-app-frontend/src/utils/story/setSubtitles.js": {"lines":{"total":25,"covered":0,"skipped":0,"pct":0},"functions":{"total":3,"covered":0,"skipped":0,"pct":0},"statements":{"total":25,"covered":0,"skipped":0,"pct":0},"branches":{"total":11,"covered":0,"skipped":0,"pct":0}}
,"/Users/test/VisualCodeProjects/video-app-frontend/src/utils/timeline/canvasViewport.js": {"lines":{"total":17,"covered":0,"skipped":0,"pct":0},"functions":{"total":2,"covered":0,"skipped":0,"pct":0},"statements":{"total":17,"covered":0,"skipped":0,"pct":0},"branches":{"total":4,"covered":0,"skipped":0,"pct":0}}
,"/Users/test/VisualCodeProjects/video-app-frontend/src/utils/timeline/timelineScrollUtils.js": {"lines":{"total":91,"covered":11,"skipped":0,"pct":12.08},"functions":{"total":17,"covered":1,"skipped":0,"pct":5.88},"statements":{"total":99,"covered":11,"skipped":0,"pct":11.11},"branches":{"total":68,"covered":3,"skipped":0,"pct":4.41}}
}
